2020-07-05 13:14:34 INFO  GlobalStepDefinition:122 - user callnirajgupta@gmail.com is logged into the applicationorg.apache.log4j.Logger
2020-07-05 13:14:34 INFO  CommonUtil:45 - ############  INSIDE LOGIN ########################
2020-07-05 13:14:36 DEBUG RequestAddCookies:123 - CookieSpec selected: default
2020-07-05 13:14:36 DEBUG RequestAuthCache:77 - Auth cache not set in the context
2020-07-05 13:14:36 DEBUG PoolingHttpClientConnectionManager:255 - Connection request: [route: {}->http://localhost:2700][total kept alive: 0; route allocated: 0 of 2000; total allocated: 0 of 2000]
2020-07-05 13:14:36 DEBUG PoolingHttpClientConnectionManager:288 - Connection leased: [id: 0][route: {}->http://localhost:2700][total kept alive: 0; route allocated: 1 of 2000; total allocated: 1 of 2000]
2020-07-05 13:14:36 DEBUG MainClientExec:235 - Opening connection {}->http://localhost:2700
2020-07-05 13:14:36 DEBUG DefaultHttpClientConnectionOperator:139 - Connecting to localhost/127.0.0.1:2700
2020-07-05 13:14:36 DEBUG DefaultHttpClientConnectionOperator:146 - Connection established 127.0.0.1:65432<->127.0.0.1:2700
2020-07-05 13:14:36 DEBUG DefaultManagedHttpClientConnection:88 - http-outgoing-0: set socket timeout to 10800000
2020-07-05 13:14:36 DEBUG MainClientExec:256 - Executing request POST /session HTTP/1.1
2020-07-05 13:14:36 DEBUG MainClientExec:261 - Target auth state: UNCHALLENGED
2020-07-05 13:14:36 DEBUG MainClientExec:267 - Proxy auth state: UNCHALLENGED
2020-07-05 13:14:36 DEBUG headers:133 - http-outgoing-0 >> POST /session HTTP/1.1
2020-07-05 13:14:36 DEBUG headers:136 - http-outgoing-0 >> Content-Type: application/json; charset=utf-8
2020-07-05 13:14:36 DEBUG headers:136 - http-outgoing-0 >> Content-Length: 335
2020-07-05 13:14:36 DEBUG headers:136 - http-outgoing-0 >> Host: localhost:2700
2020-07-05 13:14:36 DEBUG headers:136 - http-outgoing-0 >> Connection: Keep-Alive
2020-07-05 13:14:36 DEBUG headers:136 - http-outgoing-0 >> User-Agent: Apache-HttpClient/4.5.3 (Java/1.8.0_161)
2020-07-05 13:14:36 DEBUG headers:136 - http-outgoing-0 >> Accept-Encoding: gzip,deflate
2020-07-05 13:14:36 DEBUG wire:73 - http-outgoing-0 >> "POST /session HTTP/1.1[\r][\n]"
2020-07-05 13:14:36 DEBUG wire:73 - http-outgoing-0 >> "Content-Type: application/json; charset=utf-8[\r][\n]"
2020-07-05 13:14:36 DEBUG wire:73 - http-outgoing-0 >> "Content-Length: 335[\r][\n]"
2020-07-05 13:14:36 DEBUG wire:73 - http-outgoing-0 >> "Host: localhost:2700[\r][\n]"
2020-07-05 13:14:36 DEBUG wire:73 - http-outgoing-0 >> "Connection: Keep-Alive[\r][\n]"
2020-07-05 13:14:36 DEBUG wire:73 - http-outgoing-0 >> "User-Agent: Apache-HttpClient/4.5.3 (Java/1.8.0_161)[\r][\n]"
2020-07-05 13:14:36 DEBUG wire:73 - http-outgoing-0 >> "Accept-Encoding: gzip,deflate[\r][\n]"
2020-07-05 13:14:36 DEBUG wire:73 - http-outgoing-0 >> "[\r][\n]"
2020-07-05 13:14:36 DEBUG wire:73 - http-outgoing-0 >> "{[\n]"
2020-07-05 13:14:36 DEBUG wire:73 - http-outgoing-0 >> "  "desiredCapabilities": {"browserName":"chrome","goog:chromeOptions":{"args":[],"extensions":[]}},[\n]"
2020-07-05 13:14:36 DEBUG wire:73 - http-outgoing-0 >> "  "capabilities": {[\n]"
2020-07-05 13:14:36 DEBUG wire:73 - http-outgoing-0 >> "    "desiredCapabilities": {"browserName":"chrome","goog:chromeOptions":{"args":[],"extensions":[]}},[\n]"
2020-07-05 13:14:36 DEBUG wire:73 - http-outgoing-0 >> "    "firstMatch": [[\n]"
2020-07-05 13:14:36 DEBUG wire:73 - http-outgoing-0 >> "      {"browserName":"chrome","goog:chromeOptions":{"args":[],"extensions":[]}}[\n]"
2020-07-05 13:14:36 DEBUG wire:73 - http-outgoing-0 >> "    ][\n]"
2020-07-05 13:14:36 DEBUG wire:73 - http-outgoing-0 >> "  }[\n]"
2020-07-05 13:14:36 DEBUG wire:87 - http-outgoing-0 >> "}"
2020-07-05 13:14:40 DEBUG wire:73 - http-outgoing-0 << "HTTP/1.1 200 OK[\r][\n]"
2020-07-05 13:14:40 DEBUG wire:73 - http-outgoing-0 << "Content-Length:828[\r][\n]"
2020-07-05 13:14:40 DEBUG wire:73 - http-outgoing-0 << "Content-Type:application/json; charset=utf-8[\r][\n]"
2020-07-05 13:14:40 DEBUG wire:73 - http-outgoing-0 << "[\r][\n]"
2020-07-05 13:14:40 DEBUG wire:87 - http-outgoing-0 << "{"sessionId":"ce8f6817e7bd02e85d704d35f582d89e","status":0,"value":{"acceptInsecureCerts":false,"acceptSslCerts":false,"applicationCacheEnabled":false,"browserConnectionEnabled":false,"browserName":"chrome","chrome":{"chromedriverVersion":"2.35.528161 (5b82f2d2aae0ca24b877009200ced9065a772e73)","userDataDir":"C:\\Users\\sai\\AppData\\Local\\Temp\\scoped_dir15096_13120"},"cssSelectorsEnabled":true,"databaseEnabled":false,"handlesAlerts":true,"hasTouchScreen":false,"javascriptEnabled":true,"locationContextEnabled":true,"mobileEmulationEnabled":false,"nativeEvents":true,"networkConnectionEnabled":false,"pageLoadStrategy":"normal","platform":"Windows NT","rotatable":false,"setWindowRect":true,"takesHeapSnapshot":true,"takesScreenshot":true,"unexpectedAlertBehaviour":"","version":"83.0.4103.116","webStorageEnabled":true}}"
2020-07-05 13:14:40 DEBUG headers:122 - http-outgoing-0 << HTTP/1.1 200 OK
2020-07-05 13:14:40 DEBUG headers:125 - http-outgoing-0 << Content-Length:828
2020-07-05 13:14:40 DEBUG headers:125 - http-outgoing-0 << Content-Type:application/json; charset=utf-8
2020-07-05 13:14:40 DEBUG MainClientExec:285 - Connection can be kept alive indefinitely
2020-07-05 13:14:40 DEBUG PoolingHttpClientConnectionManager:320 - Connection [id: 0][route: {}->http://localhost:2700] can be kept alive indefinitely
2020-07-05 13:14:40 DEBUG PoolingHttpClientConnectionManager:326 - Connection released: [id: 0][route: {}->http://localhost:2700][total kept alive: 1; route allocated: 1 of 2000; total allocated: 1 of 2000]
2020-07-05 13:14:40 DEBUG RequestAddCookies:123 - CookieSpec selected: default
2020-07-05 13:14:40 DEBUG RequestAuthCache:77 - Auth cache not set in the context
2020-07-05 13:14:40 DEBUG PoolingHttpClientConnectionManager:255 - Connection request: [route: {}->http://localhost:2700][total kept alive: 1; route allocated: 1 of 2000; total allocated: 1 of 2000]
2020-07-05 13:14:40 DEBUG PoolingHttpClientConnectionManager:288 - Connection leased: [id: 0][route: {}->http://localhost:2700][total kept alive: 0; route allocated: 1 of 2000; total allocated: 1 of 2000]
2020-07-05 13:14:40 DEBUG MainClientExec:208 - Stale connection check
2020-07-05 13:14:40 DEBUG wire:87 - http-outgoing-0 << "[read] I/O error: Read timed out"
2020-07-05 13:14:40 DEBUG DefaultManagedHttpClientConnection:88 - http-outgoing-0: set socket timeout to 10800000
2020-07-05 13:14:40 DEBUG MainClientExec:256 - Executing request POST /session/ce8f6817e7bd02e85d704d35f582d89e/window/current/maximize HTTP/1.1
2020-07-05 13:14:40 DEBUG MainClientExec:261 - Target auth state: UNCHALLENGED
2020-07-05 13:14:40 DEBUG MainClientExec:267 - Proxy auth state: UNCHALLENGED
2020-07-05 13:14:40 DEBUG headers:133 - http-outgoing-0 >> POST /session/ce8f6817e7bd02e85d704d35f582d89e/window/current/maximize HTTP/1.1
2020-07-05 13:14:40 DEBUG headers:136 - http-outgoing-0 >> Content-Type: application/json; charset=utf-8
2020-07-05 13:14:40 DEBUG headers:136 - http-outgoing-0 >> Content-Length: 45
2020-07-05 13:14:40 DEBUG headers:136 - http-outgoing-0 >> Host: localhost:2700
2020-07-05 13:14:40 DEBUG headers:136 - http-outgoing-0 >> Connection: Keep-Alive
2020-07-05 13:14:40 DEBUG headers:136 - http-outgoing-0 >> User-Agent: Apache-HttpClient/4.5.3 (Java/1.8.0_161)
2020-07-05 13:14:40 DEBUG headers:136 - http-outgoing-0 >> Accept-Encoding: gzip,deflate
2020-07-05 13:14:40 DEBUG wire:73 - http-outgoing-0 >> "POST /session/ce8f6817e7bd02e85d704d35f582d89e/window/current/maximize HTTP/1.1[\r][\n]"
2020-07-05 13:14:40 DEBUG wire:73 - http-outgoing-0 >> "Content-Type: application/json; charset=utf-8[\r][\n]"
2020-07-05 13:14:40 DEBUG wire:73 - http-outgoing-0 >> "Content-Length: 45[\r][\n]"
2020-07-05 13:14:40 DEBUG wire:73 - http-outgoing-0 >> "Host: localhost:2700[\r][\n]"
2020-07-05 13:14:40 DEBUG wire:73 - http-outgoing-0 >> "Connection: Keep-Alive[\r][\n]"
2020-07-05 13:14:40 DEBUG wire:73 - http-outgoing-0 >> "User-Agent: Apache-HttpClient/4.5.3 (Java/1.8.0_161)[\r][\n]"
2020-07-05 13:14:40 DEBUG wire:73 - http-outgoing-0 >> "Accept-Encoding: gzip,deflate[\r][\n]"
2020-07-05 13:14:40 DEBUG wire:73 - http-outgoing-0 >> "[\r][\n]"
2020-07-05 13:14:40 DEBUG wire:87 - http-outgoing-0 >> "{"windowHandle":"current","handle":"current"}"
2020-07-05 13:14:42 DEBUG wire:73 - http-outgoing-0 << "HTTP/1.1 200 OK[\r][\n]"
2020-07-05 13:14:42 DEBUG wire:73 - http-outgoing-0 << "Content-Length:72[\r][\n]"
2020-07-05 13:14:42 DEBUG wire:73 - http-outgoing-0 << "Content-Type:application/json; charset=utf-8[\r][\n]"
2020-07-05 13:14:42 DEBUG wire:73 - http-outgoing-0 << "[\r][\n]"
2020-07-05 13:14:42 DEBUG wire:87 - http-outgoing-0 << "{"sessionId":"ce8f6817e7bd02e85d704d35f582d89e","status":0,"value":null}"
2020-07-05 13:14:42 DEBUG headers:122 - http-outgoing-0 << HTTP/1.1 200 OK
2020-07-05 13:14:42 DEBUG headers:125 - http-outgoing-0 << Content-Length:72
2020-07-05 13:14:42 DEBUG headers:125 - http-outgoing-0 << Content-Type:application/json; charset=utf-8
2020-07-05 13:14:42 DEBUG MainClientExec:285 - Connection can be kept alive indefinitely
2020-07-05 13:14:42 DEBUG PoolingHttpClientConnectionManager:320 - Connection [id: 0][route: {}->http://localhost:2700] can be kept alive indefinitely
2020-07-05 13:14:42 DEBUG PoolingHttpClientConnectionManager:326 - Connection released: [id: 0][route: {}->http://localhost:2700][total kept alive: 1; route allocated: 1 of 2000; total allocated: 1 of 2000]
2020-07-05 13:14:42 INFO  SeleniumUtil:299 -  print the sysc time 10
2020-07-05 13:14:42 DEBUG RequestAddCookies:123 - CookieSpec selected: default
2020-07-05 13:14:42 DEBUG RequestAuthCache:77 - Auth cache not set in the context
2020-07-05 13:14:42 DEBUG PoolingHttpClientConnectionManager:255 - Connection request: [route: {}->http://localhost:2700][total kept alive: 1; route allocated: 1 of 2000; total allocated: 1 of 2000]
2020-07-05 13:14:42 DEBUG PoolingHttpClientConnectionManager:288 - Connection leased: [id: 0][route: {}->http://localhost:2700][total kept alive: 0; route allocated: 1 of 2000; total allocated: 1 of 2000]
2020-07-05 13:14:42 DEBUG MainClientExec:208 - Stale connection check
2020-07-05 13:14:42 DEBUG wire:87 - http-outgoing-0 << "[read] I/O error: Read timed out"
2020-07-05 13:14:42 DEBUG DefaultManagedHttpClientConnection:88 - http-outgoing-0: set socket timeout to 10800000
2020-07-05 13:14:42 DEBUG MainClientExec:256 - Executing request POST /session/ce8f6817e7bd02e85d704d35f582d89e/timeouts HTTP/1.1
2020-07-05 13:14:42 DEBUG MainClientExec:261 - Target auth state: UNCHALLENGED
2020-07-05 13:14:42 DEBUG MainClientExec:267 - Proxy auth state: UNCHALLENGED
2020-07-05 13:14:42 DEBUG headers:133 - http-outgoing-0 >> POST /session/ce8f6817e7bd02e85d704d35f582d89e/timeouts HTTP/1.1
2020-07-05 13:14:42 DEBUG headers:136 - http-outgoing-0 >> Content-Type: application/json; charset=utf-8
2020-07-05 13:14:42 DEBUG headers:136 - http-outgoing-0 >> Content-Length: 30
2020-07-05 13:14:42 DEBUG headers:136 - http-outgoing-0 >> Host: localhost:2700
2020-07-05 13:14:42 DEBUG headers:136 - http-outgoing-0 >> Connection: Keep-Alive
2020-07-05 13:14:42 DEBUG headers:136 - http-outgoing-0 >> User-Agent: Apache-HttpClient/4.5.3 (Java/1.8.0_161)
2020-07-05 13:14:42 DEBUG headers:136 - http-outgoing-0 >> Accept-Encoding: gzip,deflate
2020-07-05 13:14:42 DEBUG wire:73 - http-outgoing-0 >> "POST /session/ce8f6817e7bd02e85d704d35f582d89e/timeouts HTTP/1.1[\r][\n]"
2020-07-05 13:14:42 DEBUG wire:73 - http-outgoing-0 >> "Content-Type: application/json; charset=utf-8[\r][\n]"
2020-07-05 13:14:42 DEBUG wire:73 - http-outgoing-0 >> "Content-Length: 30[\r][\n]"
2020-07-05 13:14:42 DEBUG wire:73 - http-outgoing-0 >> "Host: localhost:2700[\r][\n]"
2020-07-05 13:14:42 DEBUG wire:73 - http-outgoing-0 >> "Connection: Keep-Alive[\r][\n]"
2020-07-05 13:14:42 DEBUG wire:73 - http-outgoing-0 >> "User-Agent: Apache-HttpClient/4.5.3 (Java/1.8.0_161)[\r][\n]"
2020-07-05 13:14:42 DEBUG wire:73 - http-outgoing-0 >> "Accept-Encoding: gzip,deflate[\r][\n]"
2020-07-05 13:14:42 DEBUG wire:73 - http-outgoing-0 >> "[\r][\n]"
2020-07-05 13:14:42 DEBUG wire:87 - http-outgoing-0 >> "{"type":"implicit","ms":10000}"
2020-07-05 13:14:42 DEBUG wire:73 - http-outgoing-0 << "HTTP/1.1 200 OK[\r][\n]"
2020-07-05 13:14:42 DEBUG wire:73 - http-outgoing-0 << "Content-Length:72[\r][\n]"
2020-07-05 13:14:42 DEBUG wire:73 - http-outgoing-0 << "Content-Type:application/json; charset=utf-8[\r][\n]"
2020-07-05 13:14:42 DEBUG wire:73 - http-outgoing-0 << "[\r][\n]"
2020-07-05 13:14:42 DEBUG wire:87 - http-outgoing-0 << "{"sessionId":"ce8f6817e7bd02e85d704d35f582d89e","status":0,"value":null}"
2020-07-05 13:14:42 DEBUG headers:122 - http-outgoing-0 << HTTP/1.1 200 OK
2020-07-05 13:14:42 DEBUG headers:125 - http-outgoing-0 << Content-Length:72
2020-07-05 13:14:42 DEBUG headers:125 - http-outgoing-0 << Content-Type:application/json; charset=utf-8
2020-07-05 13:14:42 DEBUG MainClientExec:285 - Connection can be kept alive indefinitely
2020-07-05 13:14:42 DEBUG PoolingHttpClientConnectionManager:320 - Connection [id: 0][route: {}->http://localhost:2700] can be kept alive indefinitely
2020-07-05 13:14:42 DEBUG PoolingHttpClientConnectionManager:326 - Connection released: [id: 0][route: {}->http://localhost:2700][total kept alive: 1; route allocated: 1 of 2000; total allocated: 1 of 2000]
2020-07-05 13:14:42 DEBUG RequestAddCookies:123 - CookieSpec selected: default
2020-07-05 13:14:42 DEBUG RequestAuthCache:77 - Auth cache not set in the context
2020-07-05 13:14:42 DEBUG PoolingHttpClientConnectionManager:255 - Connection request: [route: {}->http://localhost:2700][total kept alive: 1; route allocated: 1 of 2000; total allocated: 1 of 2000]
2020-07-05 13:14:42 DEBUG PoolingHttpClientConnectionManager:288 - Connection leased: [id: 0][route: {}->http://localhost:2700][total kept alive: 0; route allocated: 1 of 2000; total allocated: 1 of 2000]
2020-07-05 13:14:42 DEBUG MainClientExec:208 - Stale connection check
2020-07-05 13:14:42 DEBUG wire:87 - http-outgoing-0 << "[read] I/O error: Read timed out"
2020-07-05 13:14:42 DEBUG DefaultManagedHttpClientConnection:88 - http-outgoing-0: set socket timeout to 10800000
2020-07-05 13:14:42 DEBUG MainClientExec:256 - Executing request POST /session/ce8f6817e7bd02e85d704d35f582d89e/url HTTP/1.1
2020-07-05 13:14:42 DEBUG MainClientExec:261 - Target auth state: UNCHALLENGED
2020-07-05 13:14:42 DEBUG MainClientExec:267 - Proxy auth state: UNCHALLENGED
2020-07-05 13:14:42 DEBUG headers:133 - http-outgoing-0 >> POST /session/ce8f6817e7bd02e85d704d35f582d89e/url HTTP/1.1
2020-07-05 13:14:42 DEBUG headers:136 - http-outgoing-0 >> Content-Type: application/json; charset=utf-8
2020-07-05 13:14:42 DEBUG headers:136 - http-outgoing-0 >> Content-Length: 49
2020-07-05 13:14:42 DEBUG headers:136 - http-outgoing-0 >> Host: localhost:2700
2020-07-05 13:14:42 DEBUG headers:136 - http-outgoing-0 >> Connection: Keep-Alive
2020-07-05 13:14:42 DEBUG headers:136 - http-outgoing-0 >> User-Agent: Apache-HttpClient/4.5.3 (Java/1.8.0_161)
2020-07-05 13:14:42 DEBUG headers:136 - http-outgoing-0 >> Accept-Encoding: gzip,deflate
2020-07-05 13:14:42 DEBUG wire:73 - http-outgoing-0 >> "POST /session/ce8f6817e7bd02e85d704d35f582d89e/url HTTP/1.1[\r][\n]"
2020-07-05 13:14:42 DEBUG wire:73 - http-outgoing-0 >> "Content-Type: application/json; charset=utf-8[\r][\n]"
2020-07-05 13:14:42 DEBUG wire:73 - http-outgoing-0 >> "Content-Length: 49[\r][\n]"
2020-07-05 13:14:42 DEBUG wire:73 - http-outgoing-0 >> "Host: localhost:2700[\r][\n]"
2020-07-05 13:14:42 DEBUG wire:73 - http-outgoing-0 >> "Connection: Keep-Alive[\r][\n]"
2020-07-05 13:14:42 DEBUG wire:73 - http-outgoing-0 >> "User-Agent: Apache-HttpClient/4.5.3 (Java/1.8.0_161)[\r][\n]"
2020-07-05 13:14:42 DEBUG wire:73 - http-outgoing-0 >> "Accept-Encoding: gzip,deflate[\r][\n]"
2020-07-05 13:14:42 DEBUG wire:73 - http-outgoing-0 >> "[\r][\n]"
2020-07-05 13:14:42 DEBUG wire:87 - http-outgoing-0 >> "{"url":"http://automationpractice.com/index.php"}"
2020-07-05 13:14:51 DEBUG wire:73 - http-outgoing-0 << "HTTP/1.1 200 OK[\r][\n]"
2020-07-05 13:14:51 DEBUG wire:73 - http-outgoing-0 << "Content-Length:72[\r][\n]"
2020-07-05 13:14:51 DEBUG wire:73 - http-outgoing-0 << "Content-Type:application/json; charset=utf-8[\r][\n]"
2020-07-05 13:14:51 DEBUG wire:73 - http-outgoing-0 << "[\r][\n]"
2020-07-05 13:14:51 DEBUG wire:87 - http-outgoing-0 << "{"sessionId":"ce8f6817e7bd02e85d704d35f582d89e","status":0,"value":null}"
2020-07-05 13:14:51 DEBUG headers:122 - http-outgoing-0 << HTTP/1.1 200 OK
2020-07-05 13:14:51 DEBUG headers:125 - http-outgoing-0 << Content-Length:72
2020-07-05 13:14:51 DEBUG headers:125 - http-outgoing-0 << Content-Type:application/json; charset=utf-8
2020-07-05 13:14:51 DEBUG MainClientExec:285 - Connection can be kept alive indefinitely
2020-07-05 13:14:51 DEBUG PoolingHttpClientConnectionManager:320 - Connection [id: 0][route: {}->http://localhost:2700] can be kept alive indefinitely
2020-07-05 13:14:51 DEBUG PoolingHttpClientConnectionManager:326 - Connection released: [id: 0][route: {}->http://localhost:2700][total kept alive: 1; route allocated: 1 of 2000; total allocated: 1 of 2000]
2020-07-05 13:14:51 DEBUG RequestAddCookies:123 - CookieSpec selected: default
2020-07-05 13:14:51 DEBUG RequestAuthCache:77 - Auth cache not set in the context
2020-07-05 13:14:51 DEBUG PoolingHttpClientConnectionManager:255 - Connection request: [route: {}->http://localhost:2700][total kept alive: 1; route allocated: 1 of 2000; total allocated: 1 of 2000]
2020-07-05 13:14:51 DEBUG PoolingHttpClientConnectionManager:288 - Connection leased: [id: 0][route: {}->http://localhost:2700][total kept alive: 0; route allocated: 1 of 2000; total allocated: 1 of 2000]
2020-07-05 13:14:51 DEBUG MainClientExec:208 - Stale connection check
2020-07-05 13:14:51 DEBUG wire:87 - http-outgoing-0 << "[read] I/O error: Read timed out"
2020-07-05 13:14:51 DEBUG DefaultManagedHttpClientConnection:88 - http-outgoing-0: set socket timeout to 10800000
2020-07-05 13:14:51 DEBUG MainClientExec:256 - Executing request GET /session/ce8f6817e7bd02e85d704d35f582d89e/title HTTP/1.1
2020-07-05 13:14:51 DEBUG MainClientExec:261 - Target auth state: UNCHALLENGED
2020-07-05 13:14:51 DEBUG MainClientExec:267 - Proxy auth state: UNCHALLENGED
2020-07-05 13:14:51 DEBUG headers:133 - http-outgoing-0 >> GET /session/ce8f6817e7bd02e85d704d35f582d89e/title HTTP/1.1
2020-07-05 13:14:51 DEBUG headers:136 - http-outgoing-0 >> Cache-Control: no-cache
2020-07-05 13:14:51 DEBUG headers:136 - http-outgoing-0 >> Host: localhost:2700
2020-07-05 13:14:51 DEBUG headers:136 - http-outgoing-0 >> Connection: Keep-Alive
2020-07-05 13:14:51 DEBUG headers:136 - http-outgoing-0 >> User-Agent: Apache-HttpClient/4.5.3 (Java/1.8.0_161)
2020-07-05 13:14:51 DEBUG headers:136 - http-outgoing-0 >> Accept-Encoding: gzip,deflate
2020-07-05 13:14:51 DEBUG wire:73 - http-outgoing-0 >> "GET /session/ce8f6817e7bd02e85d704d35f582d89e/title HTTP/1.1[\r][\n]"
2020-07-05 13:14:51 DEBUG wire:73 - http-outgoing-0 >> "Cache-Control: no-cache[\r][\n]"
2020-07-05 13:14:51 DEBUG wire:73 - http-outgoing-0 >> "Host: localhost:2700[\r][\n]"
2020-07-05 13:14:51 DEBUG wire:73 - http-outgoing-0 >> "Connection: Keep-Alive[\r][\n]"
2020-07-05 13:14:51 DEBUG wire:73 - http-outgoing-0 >> "User-Agent: Apache-HttpClient/4.5.3 (Java/1.8.0_161)[\r][\n]"
2020-07-05 13:14:51 DEBUG wire:73 - http-outgoing-0 >> "Accept-Encoding: gzip,deflate[\r][\n]"
2020-07-05 13:14:51 DEBUG wire:73 - http-outgoing-0 >> "[\r][\n]"
2020-07-05 13:14:51 DEBUG wire:73 - http-outgoing-0 << "HTTP/1.1 200 OK[\r][\n]"
2020-07-05 13:14:51 DEBUG wire:73 - http-outgoing-0 << "Content-Length:78[\r][\n]"
2020-07-05 13:14:51 DEBUG wire:73 - http-outgoing-0 << "Content-Type:application/json; charset=utf-8[\r][\n]"
2020-07-05 13:14:51 DEBUG wire:73 - http-outgoing-0 << "[\r][\n]"
2020-07-05 13:14:51 DEBUG wire:87 - http-outgoing-0 << "{"sessionId":"ce8f6817e7bd02e85d704d35f582d89e","status":0,"value":"My Store"}"
2020-07-05 13:14:51 DEBUG headers:122 - http-outgoing-0 << HTTP/1.1 200 OK
2020-07-05 13:14:51 DEBUG headers:125 - http-outgoing-0 << Content-Length:78
2020-07-05 13:14:51 DEBUG headers:125 - http-outgoing-0 << Content-Type:application/json; charset=utf-8
2020-07-05 13:14:51 DEBUG MainClientExec:285 - Connection can be kept alive indefinitely
2020-07-05 13:14:51 DEBUG PoolingHttpClientConnectionManager:320 - Connection [id: 0][route: {}->http://localhost:2700] can be kept alive indefinitely
2020-07-05 13:14:51 DEBUG PoolingHttpClientConnectionManager:326 - Connection released: [id: 0][route: {}->http://localhost:2700][total kept alive: 1; route allocated: 1 of 2000; total allocated: 1 of 2000]
2020-07-05 13:14:51 INFO  SeleniumUtil:361 - Inside ValidateWebElementPresence method
2020-07-05 13:14:51 DEBUG RequestAddCookies:123 - CookieSpec selected: default
2020-07-05 13:14:51 DEBUG RequestAuthCache:77 - Auth cache not set in the context
2020-07-05 13:14:51 DEBUG PoolingHttpClientConnectionManager:255 - Connection request: [route: {}->http://localhost:2700][total kept alive: 1; route allocated: 1 of 2000; total allocated: 1 of 2000]
2020-07-05 13:14:51 DEBUG PoolingHttpClientConnectionManager:288 - Connection leased: [id: 0][route: {}->http://localhost:2700][total kept alive: 0; route allocated: 1 of 2000; total allocated: 1 of 2000]
2020-07-05 13:14:51 DEBUG MainClientExec:208 - Stale connection check
2020-07-05 13:14:51 DEBUG wire:87 - http-outgoing-0 << "[read] I/O error: Read timed out"
2020-07-05 13:14:51 DEBUG DefaultManagedHttpClientConnection:88 - http-outgoing-0: set socket timeout to 10800000
2020-07-05 13:14:51 DEBUG MainClientExec:256 - Executing request POST /session/ce8f6817e7bd02e85d704d35f582d89e/elements HTTP/1.1
2020-07-05 13:14:51 DEBUG MainClientExec:261 - Target auth state: UNCHALLENGED
2020-07-05 13:14:51 DEBUG MainClientExec:267 - Proxy auth state: UNCHALLENGED
2020-07-05 13:14:51 DEBUG headers:133 - http-outgoing-0 >> POST /session/ce8f6817e7bd02e85d704d35f582d89e/elements HTTP/1.1
2020-07-05 13:14:51 DEBUG headers:136 - http-outgoing-0 >> Content-Type: application/json; charset=utf-8
2020-07-05 13:14:51 DEBUG headers:136 - http-outgoing-0 >> Content-Length: 38
2020-07-05 13:14:51 DEBUG headers:136 - http-outgoing-0 >> Host: localhost:2700
2020-07-05 13:14:51 DEBUG headers:136 - http-outgoing-0 >> Connection: Keep-Alive
2020-07-05 13:14:51 DEBUG headers:136 - http-outgoing-0 >> User-Agent: Apache-HttpClient/4.5.3 (Java/1.8.0_161)
2020-07-05 13:14:51 DEBUG headers:136 - http-outgoing-0 >> Accept-Encoding: gzip,deflate
2020-07-05 13:14:51 DEBUG wire:73 - http-outgoing-0 >> "POST /session/ce8f6817e7bd02e85d704d35f582d89e/elements HTTP/1.1[\r][\n]"
2020-07-05 13:14:51 DEBUG wire:73 - http-outgoing-0 >> "Content-Type: application/json; charset=utf-8[\r][\n]"
2020-07-05 13:14:51 DEBUG wire:73 - http-outgoing-0 >> "Content-Length: 38[\r][\n]"
2020-07-05 13:14:51 DEBUG wire:73 - http-outgoing-0 >> "Host: localhost:2700[\r][\n]"
2020-07-05 13:14:51 DEBUG wire:73 - http-outgoing-0 >> "Connection: Keep-Alive[\r][\n]"
2020-07-05 13:14:51 DEBUG wire:73 - http-outgoing-0 >> "User-Agent: Apache-HttpClient/4.5.3 (Java/1.8.0_161)[\r][\n]"
2020-07-05 13:14:51 DEBUG wire:73 - http-outgoing-0 >> "Accept-Encoding: gzip,deflate[\r][\n]"
2020-07-05 13:14:51 DEBUG wire:73 - http-outgoing-0 >> "[\r][\n]"
2020-07-05 13:14:51 DEBUG wire:87 - http-outgoing-0 >> "{"using":"class name","value":"login"}"
2020-07-05 13:14:51 DEBUG wire:73 - http-outgoing-0 << "HTTP/1.1 200 OK[\r][\n]"
2020-07-05 13:14:51 DEBUG wire:73 - http-outgoing-0 << "Content-Length:103[\r][\n]"
2020-07-05 13:14:51 DEBUG wire:73 - http-outgoing-0 << "Content-Type:application/json; charset=utf-8[\r][\n]"
2020-07-05 13:14:51 DEBUG wire:73 - http-outgoing-0 << "[\r][\n]"
2020-07-05 13:14:51 DEBUG wire:87 - http-outgoing-0 << "{"sessionId":"ce8f6817e7bd02e85d704d35f582d89e","status":0,"value":[{"ELEMENT":"0.456630237561626-1"}]}"
2020-07-05 13:14:51 DEBUG headers:122 - http-outgoing-0 << HTTP/1.1 200 OK
2020-07-05 13:14:51 DEBUG headers:125 - http-outgoing-0 << Content-Length:103
2020-07-05 13:14:51 DEBUG headers:125 - http-outgoing-0 << Content-Type:application/json; charset=utf-8
2020-07-05 13:14:51 DEBUG MainClientExec:285 - Connection can be kept alive indefinitely
2020-07-05 13:14:51 DEBUG PoolingHttpClientConnectionManager:320 - Connection [id: 0][route: {}->http://localhost:2700] can be kept alive indefinitely
2020-07-05 13:14:51 DEBUG PoolingHttpClientConnectionManager:326 - Connection released: [id: 0][route: {}->http://localhost:2700][total kept alive: 1; route allocated: 1 of 2000; total allocated: 1 of 2000]
2020-07-05 13:14:51 INFO  SeleniumUtil:373 - #########Element is present: By.className: login
2020-07-05 13:14:51 DEBUG RequestAddCookies:123 - CookieSpec selected: default
2020-07-05 13:14:51 DEBUG RequestAuthCache:77 - Auth cache not set in the context
2020-07-05 13:14:51 DEBUG PoolingHttpClientConnectionManager:255 - Connection request: [route: {}->http://localhost:2700][total kept alive: 1; route allocated: 1 of 2000; total allocated: 1 of 2000]
2020-07-05 13:14:51 DEBUG PoolingHttpClientConnectionManager:288 - Connection leased: [id: 0][route: {}->http://localhost:2700][total kept alive: 0; route allocated: 1 of 2000; total allocated: 1 of 2000]
2020-07-05 13:14:51 DEBUG MainClientExec:208 - Stale connection check
2020-07-05 13:14:51 DEBUG wire:87 - http-outgoing-0 << "[read] I/O error: Read timed out"
2020-07-05 13:14:51 DEBUG DefaultManagedHttpClientConnection:88 - http-outgoing-0: set socket timeout to 10800000
2020-07-05 13:14:51 DEBUG MainClientExec:256 - Executing request GET /session/ce8f6817e7bd02e85d704d35f582d89e/title HTTP/1.1
2020-07-05 13:14:51 DEBUG MainClientExec:261 - Target auth state: UNCHALLENGED
2020-07-05 13:14:51 DEBUG MainClientExec:267 - Proxy auth state: UNCHALLENGED
2020-07-05 13:14:51 DEBUG headers:133 - http-outgoing-0 >> GET /session/ce8f6817e7bd02e85d704d35f582d89e/title HTTP/1.1
2020-07-05 13:14:51 DEBUG headers:136 - http-outgoing-0 >> Cache-Control: no-cache
2020-07-05 13:14:51 DEBUG headers:136 - http-outgoing-0 >> Host: localhost:2700
2020-07-05 13:14:51 DEBUG headers:136 - http-outgoing-0 >> Connection: Keep-Alive
2020-07-05 13:14:51 DEBUG headers:136 - http-outgoing-0 >> User-Agent: Apache-HttpClient/4.5.3 (Java/1.8.0_161)
2020-07-05 13:14:51 DEBUG headers:136 - http-outgoing-0 >> Accept-Encoding: gzip,deflate
2020-07-05 13:14:51 DEBUG wire:73 - http-outgoing-0 >> "GET /session/ce8f6817e7bd02e85d704d35f582d89e/title HTTP/1.1[\r][\n]"
2020-07-05 13:14:51 DEBUG wire:73 - http-outgoing-0 >> "Cache-Control: no-cache[\r][\n]"
2020-07-05 13:14:51 DEBUG wire:73 - http-outgoing-0 >> "Host: localhost:2700[\r][\n]"
2020-07-05 13:14:51 DEBUG wire:73 - http-outgoing-0 >> "Connection: Keep-Alive[\r][\n]"
2020-07-05 13:14:51 DEBUG wire:73 - http-outgoing-0 >> "User-Agent: Apache-HttpClient/4.5.3 (Java/1.8.0_161)[\r][\n]"
2020-07-05 13:14:51 DEBUG wire:73 - http-outgoing-0 >> "Accept-Encoding: gzip,deflate[\r][\n]"
2020-07-05 13:14:51 DEBUG wire:73 - http-outgoing-0 >> "[\r][\n]"
2020-07-05 13:14:51 DEBUG wire:73 - http-outgoing-0 << "HTTP/1.1 200 OK[\r][\n]"
2020-07-05 13:14:51 DEBUG wire:73 - http-outgoing-0 << "Content-Length:78[\r][\n]"
2020-07-05 13:14:51 DEBUG wire:73 - http-outgoing-0 << "Content-Type:application/json; charset=utf-8[\r][\n]"
2020-07-05 13:14:51 DEBUG wire:73 - http-outgoing-0 << "[\r][\n]"
2020-07-05 13:14:51 DEBUG wire:87 - http-outgoing-0 << "{"sessionId":"ce8f6817e7bd02e85d704d35f582d89e","status":0,"value":"My Store"}"
2020-07-05 13:14:51 DEBUG headers:122 - http-outgoing-0 << HTTP/1.1 200 OK
2020-07-05 13:14:51 DEBUG headers:125 - http-outgoing-0 << Content-Length:78
2020-07-05 13:14:51 DEBUG headers:125 - http-outgoing-0 << Content-Type:application/json; charset=utf-8
2020-07-05 13:14:51 DEBUG MainClientExec:285 - Connection can be kept alive indefinitely
2020-07-05 13:14:51 DEBUG PoolingHttpClientConnectionManager:320 - Connection [id: 0][route: {}->http://localhost:2700] can be kept alive indefinitely
2020-07-05 13:14:51 DEBUG PoolingHttpClientConnectionManager:326 - Connection released: [id: 0][route: {}->http://localhost:2700][total kept alive: 1; route allocated: 1 of 2000; total allocated: 1 of 2000]
2020-07-05 13:14:51 INFO  HomePage_PO:17 - ########### Inside clickSignIn_HomePage ###########
2020-07-05 13:14:51 INFO  SeleniumUtil:379 - Inside ValidateWebElementPresence method
2020-07-05 13:14:51 DEBUG RequestAddCookies:123 - CookieSpec selected: default
2020-07-05 13:14:51 DEBUG RequestAuthCache:77 - Auth cache not set in the context
2020-07-05 13:14:51 DEBUG PoolingHttpClientConnectionManager:255 - Connection request: [route: {}->http://localhost:2700][total kept alive: 1; route allocated: 1 of 2000; total allocated: 1 of 2000]
2020-07-05 13:14:51 DEBUG PoolingHttpClientConnectionManager:288 - Connection leased: [id: 0][route: {}->http://localhost:2700][total kept alive: 0; route allocated: 1 of 2000; total allocated: 1 of 2000]
2020-07-05 13:14:51 DEBUG MainClientExec:208 - Stale connection check
2020-07-05 13:14:51 DEBUG wire:87 - http-outgoing-0 << "[read] I/O error: Read timed out"
2020-07-05 13:14:51 DEBUG DefaultManagedHttpClientConnection:88 - http-outgoing-0: set socket timeout to 10800000
2020-07-05 13:14:51 DEBUG MainClientExec:256 - Executing request POST /session/ce8f6817e7bd02e85d704d35f582d89e/elements HTTP/1.1
2020-07-05 13:14:51 DEBUG MainClientExec:261 - Target auth state: UNCHALLENGED
2020-07-05 13:14:51 DEBUG MainClientExec:267 - Proxy auth state: UNCHALLENGED
2020-07-05 13:14:51 DEBUG headers:133 - http-outgoing-0 >> POST /session/ce8f6817e7bd02e85d704d35f582d89e/elements HTTP/1.1
2020-07-05 13:14:51 DEBUG headers:136 - http-outgoing-0 >> Content-Type: application/json; charset=utf-8
2020-07-05 13:14:51 DEBUG headers:136 - http-outgoing-0 >> Content-Length: 38
2020-07-05 13:14:51 DEBUG headers:136 - http-outgoing-0 >> Host: localhost:2700
2020-07-05 13:14:51 DEBUG headers:136 - http-outgoing-0 >> Connection: Keep-Alive
2020-07-05 13:14:51 DEBUG headers:136 - http-outgoing-0 >> User-Agent: Apache-HttpClient/4.5.3 (Java/1.8.0_161)
2020-07-05 13:14:51 DEBUG headers:136 - http-outgoing-0 >> Accept-Encoding: gzip,deflate
2020-07-05 13:14:51 DEBUG wire:73 - http-outgoing-0 >> "POST /session/ce8f6817e7bd02e85d704d35f582d89e/elements HTTP/1.1[\r][\n]"
2020-07-05 13:14:51 DEBUG wire:73 - http-outgoing-0 >> "Content-Type: application/json; charset=utf-8[\r][\n]"
2020-07-05 13:14:51 DEBUG wire:73 - http-outgoing-0 >> "Content-Length: 38[\r][\n]"
2020-07-05 13:14:51 DEBUG wire:73 - http-outgoing-0 >> "Host: localhost:2700[\r][\n]"
2020-07-05 13:14:51 DEBUG wire:73 - http-outgoing-0 >> "Connection: Keep-Alive[\r][\n]"
2020-07-05 13:14:51 DEBUG wire:73 - http-outgoing-0 >> "User-Agent: Apache-HttpClient/4.5.3 (Java/1.8.0_161)[\r][\n]"
2020-07-05 13:14:51 DEBUG wire:73 - http-outgoing-0 >> "Accept-Encoding: gzip,deflate[\r][\n]"
2020-07-05 13:14:51 DEBUG wire:73 - http-outgoing-0 >> "[\r][\n]"
2020-07-05 13:14:51 DEBUG wire:87 - http-outgoing-0 >> "{"using":"class name","value":"login"}"
2020-07-05 13:14:51 DEBUG wire:73 - http-outgoing-0 << "HTTP/1.1 200 OK[\r][\n]"
2020-07-05 13:14:51 DEBUG wire:73 - http-outgoing-0 << "Content-Length:103[\r][\n]"
2020-07-05 13:14:51 DEBUG wire:73 - http-outgoing-0 << "Content-Type:application/json; charset=utf-8[\r][\n]"
2020-07-05 13:14:51 DEBUG wire:73 - http-outgoing-0 << "[\r][\n]"
2020-07-05 13:14:51 DEBUG wire:87 - http-outgoing-0 << "{"sessionId":"ce8f6817e7bd02e85d704d35f582d89e","status":0,"value":[{"ELEMENT":"0.456630237561626-1"}]}"
2020-07-05 13:14:51 DEBUG headers:122 - http-outgoing-0 << HTTP/1.1 200 OK
2020-07-05 13:14:51 DEBUG headers:125 - http-outgoing-0 << Content-Length:103
2020-07-05 13:14:51 DEBUG headers:125 - http-outgoing-0 << Content-Type:application/json; charset=utf-8
2020-07-05 13:14:51 DEBUG MainClientExec:285 - Connection can be kept alive indefinitely
2020-07-05 13:14:51 DEBUG PoolingHttpClientConnectionManager:320 - Connection [id: 0][route: {}->http://localhost:2700] can be kept alive indefinitely
2020-07-05 13:14:51 DEBUG PoolingHttpClientConnectionManager:326 - Connection released: [id: 0][route: {}->http://localhost:2700][total kept alive: 1; route allocated: 1 of 2000; total allocated: 1 of 2000]
2020-07-05 13:14:51 DEBUG RequestAddCookies:123 - CookieSpec selected: default
2020-07-05 13:14:51 DEBUG RequestAuthCache:77 - Auth cache not set in the context
2020-07-05 13:14:51 DEBUG PoolingHttpClientConnectionManager:255 - Connection request: [route: {}->http://localhost:2700][total kept alive: 1; route allocated: 1 of 2000; total allocated: 1 of 2000]
2020-07-05 13:14:51 DEBUG PoolingHttpClientConnectionManager:288 - Connection leased: [id: 0][route: {}->http://localhost:2700][total kept alive: 0; route allocated: 1 of 2000; total allocated: 1 of 2000]
2020-07-05 13:14:51 DEBUG MainClientExec:208 - Stale connection check
2020-07-05 13:14:51 DEBUG wire:87 - http-outgoing-0 << "[read] I/O error: Read timed out"
2020-07-05 13:14:51 DEBUG DefaultManagedHttpClientConnection:88 - http-outgoing-0: set socket timeout to 10800000
2020-07-05 13:14:51 DEBUG MainClientExec:256 - Executing request GET /session/ce8f6817e7bd02e85d704d35f582d89e/element/0.456630237561626-1/displayed HTTP/1.1
2020-07-05 13:14:51 DEBUG MainClientExec:261 - Target auth state: UNCHALLENGED
2020-07-05 13:14:51 DEBUG MainClientExec:267 - Proxy auth state: UNCHALLENGED
2020-07-05 13:14:51 DEBUG headers:133 - http-outgoing-0 >> GET /session/ce8f6817e7bd02e85d704d35f582d89e/element/0.456630237561626-1/displayed HTTP/1.1
2020-07-05 13:14:51 DEBUG headers:136 - http-outgoing-0 >> Cache-Control: no-cache
2020-07-05 13:14:51 DEBUG headers:136 - http-outgoing-0 >> Host: localhost:2700
2020-07-05 13:14:51 DEBUG headers:136 - http-outgoing-0 >> Connection: Keep-Alive
2020-07-05 13:14:51 DEBUG headers:136 - http-outgoing-0 >> User-Agent: Apache-HttpClient/4.5.3 (Java/1.8.0_161)
2020-07-05 13:14:51 DEBUG headers:136 - http-outgoing-0 >> Accept-Encoding: gzip,deflate
2020-07-05 13:14:51 DEBUG wire:73 - http-outgoing-0 >> "GET /session/ce8f6817e7bd02e85d704d35f582d89e/element/0.456630237561626-1/displayed HTTP/1.1[\r][\n]"
2020-07-05 13:14:51 DEBUG wire:73 - http-outgoing-0 >> "Cache-Control: no-cache[\r][\n]"
2020-07-05 13:14:51 DEBUG wire:73 - http-outgoing-0 >> "Host: localhost:2700[\r][\n]"
2020-07-05 13:14:51 DEBUG wire:73 - http-outgoing-0 >> "Connection: Keep-Alive[\r][\n]"
2020-07-05 13:14:51 DEBUG wire:73 - http-outgoing-0 >> "User-Agent: Apache-HttpClient/4.5.3 (Java/1.8.0_161)[\r][\n]"
2020-07-05 13:14:51 DEBUG wire:73 - http-outgoing-0 >> "Accept-Encoding: gzip,deflate[\r][\n]"
2020-07-05 13:14:51 DEBUG wire:73 - http-outgoing-0 >> "[\r][\n]"
2020-07-05 13:14:51 DEBUG wire:73 - http-outgoing-0 << "HTTP/1.1 200 OK[\r][\n]"
2020-07-05 13:14:51 DEBUG wire:73 - http-outgoing-0 << "Content-Length:72[\r][\n]"
2020-07-05 13:14:51 DEBUG wire:73 - http-outgoing-0 << "Content-Type:application/json; charset=utf-8[\r][\n]"
2020-07-05 13:14:51 DEBUG wire:73 - http-outgoing-0 << "[\r][\n]"
2020-07-05 13:14:51 DEBUG wire:87 - http-outgoing-0 << "{"sessionId":"ce8f6817e7bd02e85d704d35f582d89e","status":0,"value":true}"
2020-07-05 13:14:51 DEBUG headers:122 - http-outgoing-0 << HTTP/1.1 200 OK
2020-07-05 13:14:51 DEBUG headers:125 - http-outgoing-0 << Content-Length:72
2020-07-05 13:14:51 DEBUG headers:125 - http-outgoing-0 << Content-Type:application/json; charset=utf-8
2020-07-05 13:14:51 DEBUG MainClientExec:285 - Connection can be kept alive indefinitely
2020-07-05 13:14:51 DEBUG PoolingHttpClientConnectionManager:320 - Connection [id: 0][route: {}->http://localhost:2700] can be kept alive indefinitely
2020-07-05 13:14:51 DEBUG PoolingHttpClientConnectionManager:326 - Connection released: [id: 0][route: {}->http://localhost:2700][total kept alive: 1; route allocated: 1 of 2000; total allocated: 1 of 2000]
2020-07-05 13:14:51 INFO  SeleniumUtil:383 - ######### Element is visible: By.className: login
2020-07-05 13:14:51 DEBUG SeleniumUtil:220 - inside getWebElement
2020-07-05 13:14:51 DEBUG RequestAddCookies:123 - CookieSpec selected: default
2020-07-05 13:14:51 DEBUG RequestAuthCache:77 - Auth cache not set in the context
2020-07-05 13:14:51 DEBUG PoolingHttpClientConnectionManager:255 - Connection request: [route: {}->http://localhost:2700][total kept alive: 1; route allocated: 1 of 2000; total allocated: 1 of 2000]
2020-07-05 13:14:51 DEBUG PoolingHttpClientConnectionManager:288 - Connection leased: [id: 0][route: {}->http://localhost:2700][total kept alive: 0; route allocated: 1 of 2000; total allocated: 1 of 2000]
2020-07-05 13:14:51 DEBUG MainClientExec:208 - Stale connection check
2020-07-05 13:14:51 DEBUG wire:87 - http-outgoing-0 << "[read] I/O error: Read timed out"
2020-07-05 13:14:51 DEBUG DefaultManagedHttpClientConnection:88 - http-outgoing-0: set socket timeout to 10800000
2020-07-05 13:14:51 DEBUG MainClientExec:256 - Executing request POST /session/ce8f6817e7bd02e85d704d35f582d89e/element HTTP/1.1
2020-07-05 13:14:51 DEBUG MainClientExec:261 - Target auth state: UNCHALLENGED
2020-07-05 13:14:51 DEBUG MainClientExec:267 - Proxy auth state: UNCHALLENGED
2020-07-05 13:14:51 DEBUG headers:133 - http-outgoing-0 >> POST /session/ce8f6817e7bd02e85d704d35f582d89e/element HTTP/1.1
2020-07-05 13:14:51 DEBUG headers:136 - http-outgoing-0 >> Content-Type: application/json; charset=utf-8
2020-07-05 13:14:51 DEBUG headers:136 - http-outgoing-0 >> Content-Length: 38
2020-07-05 13:14:51 DEBUG headers:136 - http-outgoing-0 >> Host: localhost:2700
2020-07-05 13:14:51 DEBUG headers:136 - http-outgoing-0 >> Connection: Keep-Alive
2020-07-05 13:14:51 DEBUG headers:136 - http-outgoing-0 >> User-Agent: Apache-HttpClient/4.5.3 (Java/1.8.0_161)
2020-07-05 13:14:51 DEBUG headers:136 - http-outgoing-0 >> Accept-Encoding: gzip,deflate
2020-07-05 13:14:51 DEBUG wire:73 - http-outgoing-0 >> "POST /session/ce8f6817e7bd02e85d704d35f582d89e/element HTTP/1.1[\r][\n]"
2020-07-05 13:14:51 DEBUG wire:73 - http-outgoing-0 >> "Content-Type: application/json; charset=utf-8[\r][\n]"
2020-07-05 13:14:51 DEBUG wire:73 - http-outgoing-0 >> "Content-Length: 38[\r][\n]"
2020-07-05 13:14:51 DEBUG wire:73 - http-outgoing-0 >> "Host: localhost:2700[\r][\n]"
2020-07-05 13:14:51 DEBUG wire:73 - http-outgoing-0 >> "Connection: Keep-Alive[\r][\n]"
2020-07-05 13:14:51 DEBUG wire:73 - http-outgoing-0 >> "User-Agent: Apache-HttpClient/4.5.3 (Java/1.8.0_161)[\r][\n]"
2020-07-05 13:14:51 DEBUG wire:73 - http-outgoing-0 >> "Accept-Encoding: gzip,deflate[\r][\n]"
2020-07-05 13:14:51 DEBUG wire:73 - http-outgoing-0 >> "[\r][\n]"
2020-07-05 13:14:51 DEBUG wire:87 - http-outgoing-0 >> "{"using":"class name","value":"login"}"
2020-07-05 13:14:51 DEBUG wire:73 - http-outgoing-0 << "HTTP/1.1 200 OK[\r][\n]"
2020-07-05 13:14:51 DEBUG wire:73 - http-outgoing-0 << "Content-Length:101[\r][\n]"
2020-07-05 13:14:51 DEBUG wire:73 - http-outgoing-0 << "Content-Type:application/json; charset=utf-8[\r][\n]"
2020-07-05 13:14:51 DEBUG wire:73 - http-outgoing-0 << "[\r][\n]"
2020-07-05 13:14:51 DEBUG wire:87 - http-outgoing-0 << "{"sessionId":"ce8f6817e7bd02e85d704d35f582d89e","status":0,"value":{"ELEMENT":"0.456630237561626-1"}}"
2020-07-05 13:14:51 DEBUG headers:122 - http-outgoing-0 << HTTP/1.1 200 OK
2020-07-05 13:14:51 DEBUG headers:125 - http-outgoing-0 << Content-Length:101
2020-07-05 13:14:51 DEBUG headers:125 - http-outgoing-0 << Content-Type:application/json; charset=utf-8
2020-07-05 13:14:51 DEBUG MainClientExec:285 - Connection can be kept alive indefinitely
2020-07-05 13:14:51 DEBUG PoolingHttpClientConnectionManager:320 - Connection [id: 0][route: {}->http://localhost:2700] can be kept alive indefinitely
2020-07-05 13:14:51 DEBUG PoolingHttpClientConnectionManager:326 - Connection released: [id: 0][route: {}->http://localhost:2700][total kept alive: 1; route allocated: 1 of 2000; total allocated: 1 of 2000]
2020-07-05 13:14:51 DEBUG RequestAddCookies:123 - CookieSpec selected: default
2020-07-05 13:14:51 DEBUG RequestAuthCache:77 - Auth cache not set in the context
2020-07-05 13:14:51 DEBUG PoolingHttpClientConnectionManager:255 - Connection request: [route: {}->http://localhost:2700][total kept alive: 1; route allocated: 1 of 2000; total allocated: 1 of 2000]
2020-07-05 13:14:51 DEBUG PoolingHttpClientConnectionManager:288 - Connection leased: [id: 0][route: {}->http://localhost:2700][total kept alive: 0; route allocated: 1 of 2000; total allocated: 1 of 2000]
2020-07-05 13:14:51 DEBUG MainClientExec:208 - Stale connection check
2020-07-05 13:14:51 DEBUG wire:87 - http-outgoing-0 << "[read] I/O error: Read timed out"
2020-07-05 13:14:51 DEBUG DefaultManagedHttpClientConnection:88 - http-outgoing-0: set socket timeout to 10800000
2020-07-05 13:14:51 DEBUG MainClientExec:256 - Executing request POST /session/ce8f6817e7bd02e85d704d35f582d89e/element/0.456630237561626-1/click HTTP/1.1
2020-07-05 13:14:51 DEBUG MainClientExec:261 - Target auth state: UNCHALLENGED
2020-07-05 13:14:51 DEBUG MainClientExec:267 - Proxy auth state: UNCHALLENGED
2020-07-05 13:14:51 DEBUG headers:133 - http-outgoing-0 >> POST /session/ce8f6817e7bd02e85d704d35f582d89e/element/0.456630237561626-1/click HTTP/1.1
2020-07-05 13:14:51 DEBUG headers:136 - http-outgoing-0 >> Content-Type: application/json; charset=utf-8
2020-07-05 13:14:51 DEBUG headers:136 - http-outgoing-0 >> Content-Length: 28
2020-07-05 13:14:51 DEBUG headers:136 - http-outgoing-0 >> Host: localhost:2700
2020-07-05 13:14:51 DEBUG headers:136 - http-outgoing-0 >> Connection: Keep-Alive
2020-07-05 13:14:51 DEBUG headers:136 - http-outgoing-0 >> User-Agent: Apache-HttpClient/4.5.3 (Java/1.8.0_161)
2020-07-05 13:14:51 DEBUG headers:136 - http-outgoing-0 >> Accept-Encoding: gzip,deflate
2020-07-05 13:14:51 DEBUG wire:73 - http-outgoing-0 >> "POST /session/ce8f6817e7bd02e85d704d35f582d89e/element/0.456630237561626-1/click HTTP/1.1[\r][\n]"
2020-07-05 13:14:51 DEBUG wire:73 - http-outgoing-0 >> "Content-Type: application/json; charset=utf-8[\r][\n]"
2020-07-05 13:14:51 DEBUG wire:73 - http-outgoing-0 >> "Content-Length: 28[\r][\n]"
2020-07-05 13:14:51 DEBUG wire:73 - http-outgoing-0 >> "Host: localhost:2700[\r][\n]"
2020-07-05 13:14:51 DEBUG wire:73 - http-outgoing-0 >> "Connection: Keep-Alive[\r][\n]"
2020-07-05 13:14:51 DEBUG wire:73 - http-outgoing-0 >> "User-Agent: Apache-HttpClient/4.5.3 (Java/1.8.0_161)[\r][\n]"
2020-07-05 13:14:51 DEBUG wire:73 - http-outgoing-0 >> "Accept-Encoding: gzip,deflate[\r][\n]"
2020-07-05 13:14:51 DEBUG wire:73 - http-outgoing-0 >> "[\r][\n]"
2020-07-05 13:14:51 DEBUG wire:87 - http-outgoing-0 >> "{"id":"0.456630237561626-1"}"
2020-07-05 13:14:54 DEBUG wire:73 - http-outgoing-0 << "HTTP/1.1 200 OK[\r][\n]"
2020-07-05 13:14:54 DEBUG wire:73 - http-outgoing-0 << "Content-Length:72[\r][\n]"
2020-07-05 13:14:54 DEBUG wire:73 - http-outgoing-0 << "Content-Type:application/json; charset=utf-8[\r][\n]"
2020-07-05 13:14:54 DEBUG wire:73 - http-outgoing-0 << "[\r][\n]"
2020-07-05 13:14:54 DEBUG wire:87 - http-outgoing-0 << "{"sessionId":"ce8f6817e7bd02e85d704d35f582d89e","status":0,"value":null}"
2020-07-05 13:14:54 DEBUG headers:122 - http-outgoing-0 << HTTP/1.1 200 OK
2020-07-05 13:14:54 DEBUG headers:125 - http-outgoing-0 << Content-Length:72
2020-07-05 13:14:54 DEBUG headers:125 - http-outgoing-0 << Content-Type:application/json; charset=utf-8
2020-07-05 13:14:54 DEBUG MainClientExec:285 - Connection can be kept alive indefinitely
2020-07-05 13:14:54 DEBUG PoolingHttpClientConnectionManager:320 - Connection [id: 0][route: {}->http://localhost:2700] can be kept alive indefinitely
2020-07-05 13:14:54 DEBUG PoolingHttpClientConnectionManager:326 - Connection released: [id: 0][route: {}->http://localhost:2700][total kept alive: 1; route allocated: 1 of 2000; total allocated: 1 of 2000]
2020-07-05 13:14:54 INFO  SeleniumUtil:361 - Inside ValidateWebElementPresence method
2020-07-05 13:14:54 DEBUG RequestAddCookies:123 - CookieSpec selected: default
2020-07-05 13:14:54 DEBUG RequestAuthCache:77 - Auth cache not set in the context
2020-07-05 13:14:54 DEBUG PoolingHttpClientConnectionManager:255 - Connection request: [route: {}->http://localhost:2700][total kept alive: 1; route allocated: 1 of 2000; total allocated: 1 of 2000]
2020-07-05 13:14:54 DEBUG PoolingHttpClientConnectionManager:288 - Connection leased: [id: 0][route: {}->http://localhost:2700][total kept alive: 0; route allocated: 1 of 2000; total allocated: 1 of 2000]
2020-07-05 13:14:54 DEBUG MainClientExec:208 - Stale connection check
2020-07-05 13:14:54 DEBUG wire:87 - http-outgoing-0 << "[read] I/O error: Read timed out"
2020-07-05 13:14:54 DEBUG DefaultManagedHttpClientConnection:88 - http-outgoing-0: set socket timeout to 10800000
2020-07-05 13:14:54 DEBUG MainClientExec:256 - Executing request POST /session/ce8f6817e7bd02e85d704d35f582d89e/elements HTTP/1.1
2020-07-05 13:14:54 DEBUG MainClientExec:261 - Target auth state: UNCHALLENGED
2020-07-05 13:14:54 DEBUG MainClientExec:267 - Proxy auth state: UNCHALLENGED
2020-07-05 13:14:54 DEBUG headers:133 - http-outgoing-0 >> POST /session/ce8f6817e7bd02e85d704d35f582d89e/elements HTTP/1.1
2020-07-05 13:14:54 DEBUG headers:136 - http-outgoing-0 >> Content-Type: application/json; charset=utf-8
2020-07-05 13:14:54 DEBUG headers:136 - http-outgoing-0 >> Content-Length: 46
2020-07-05 13:14:54 DEBUG headers:136 - http-outgoing-0 >> Host: localhost:2700
2020-07-05 13:14:54 DEBUG headers:136 - http-outgoing-0 >> Connection: Keep-Alive
2020-07-05 13:14:54 DEBUG headers:136 - http-outgoing-0 >> User-Agent: Apache-HttpClient/4.5.3 (Java/1.8.0_161)
2020-07-05 13:14:54 DEBUG headers:136 - http-outgoing-0 >> Accept-Encoding: gzip,deflate
2020-07-05 13:14:54 DEBUG wire:73 - http-outgoing-0 >> "POST /session/ce8f6817e7bd02e85d704d35f582d89e/elements HTTP/1.1[\r][\n]"
2020-07-05 13:14:54 DEBUG wire:73 - http-outgoing-0 >> "Content-Type: application/json; charset=utf-8[\r][\n]"
2020-07-05 13:14:54 DEBUG wire:73 - http-outgoing-0 >> "Content-Length: 46[\r][\n]"
2020-07-05 13:14:54 DEBUG wire:73 - http-outgoing-0 >> "Host: localhost:2700[\r][\n]"
2020-07-05 13:14:54 DEBUG wire:73 - http-outgoing-0 >> "Connection: Keep-Alive[\r][\n]"
2020-07-05 13:14:54 DEBUG wire:73 - http-outgoing-0 >> "User-Agent: Apache-HttpClient/4.5.3 (Java/1.8.0_161)[\r][\n]"
2020-07-05 13:14:54 DEBUG wire:73 - http-outgoing-0 >> "Accept-Encoding: gzip,deflate[\r][\n]"
2020-07-05 13:14:54 DEBUG wire:73 - http-outgoing-0 >> "[\r][\n]"
2020-07-05 13:14:54 DEBUG wire:87 - http-outgoing-0 >> "{"using":"css selector","value":"input#email"}"
2020-07-05 13:14:54 DEBUG wire:73 - http-outgoing-0 << "HTTP/1.1 200 OK[\r][\n]"
2020-07-05 13:14:54 DEBUG wire:73 - http-outgoing-0 << "Content-Length:105[\r][\n]"
2020-07-05 13:14:54 DEBUG wire:73 - http-outgoing-0 << "Content-Type:application/json; charset=utf-8[\r][\n]"
2020-07-05 13:14:54 DEBUG wire:73 - http-outgoing-0 << "[\r][\n]"
2020-07-05 13:14:54 DEBUG wire:87 - http-outgoing-0 << "{"sessionId":"ce8f6817e7bd02e85d704d35f582d89e","status":0,"value":[{"ELEMENT":"0.36981204369963216-1"}]}"
2020-07-05 13:14:54 DEBUG headers:122 - http-outgoing-0 << HTTP/1.1 200 OK
2020-07-05 13:14:54 DEBUG headers:125 - http-outgoing-0 << Content-Length:105
2020-07-05 13:14:54 DEBUG headers:125 - http-outgoing-0 << Content-Type:application/json; charset=utf-8
2020-07-05 13:14:54 DEBUG MainClientExec:285 - Connection can be kept alive indefinitely
2020-07-05 13:14:54 DEBUG PoolingHttpClientConnectionManager:320 - Connection [id: 0][route: {}->http://localhost:2700] can be kept alive indefinitely
2020-07-05 13:14:54 DEBUG PoolingHttpClientConnectionManager:326 - Connection released: [id: 0][route: {}->http://localhost:2700][total kept alive: 1; route allocated: 1 of 2000; total allocated: 1 of 2000]
2020-07-05 13:14:54 INFO  SeleniumUtil:373 - #########Element is present: By.cssSelector: input#email
2020-07-05 13:14:54 INFO  Login_PO:17 - ############# inside Login_PO method ###################
2020-07-05 13:14:54 INFO  SeleniumUtil:361 - Inside ValidateWebElementPresence method
2020-07-05 13:14:54 DEBUG RequestAddCookies:123 - CookieSpec selected: default
2020-07-05 13:14:54 DEBUG RequestAuthCache:77 - Auth cache not set in the context
2020-07-05 13:14:54 DEBUG PoolingHttpClientConnectionManager:255 - Connection request: [route: {}->http://localhost:2700][total kept alive: 1; route allocated: 1 of 2000; total allocated: 1 of 2000]
2020-07-05 13:14:54 DEBUG PoolingHttpClientConnectionManager:288 - Connection leased: [id: 0][route: {}->http://localhost:2700][total kept alive: 0; route allocated: 1 of 2000; total allocated: 1 of 2000]
2020-07-05 13:14:54 DEBUG MainClientExec:208 - Stale connection check
2020-07-05 13:14:54 DEBUG wire:87 - http-outgoing-0 << "[read] I/O error: Read timed out"
2020-07-05 13:14:54 DEBUG DefaultManagedHttpClientConnection:88 - http-outgoing-0: set socket timeout to 10800000
2020-07-05 13:14:54 DEBUG MainClientExec:256 - Executing request POST /session/ce8f6817e7bd02e85d704d35f582d89e/elements HTTP/1.1
2020-07-05 13:14:54 DEBUG MainClientExec:261 - Target auth state: UNCHALLENGED
2020-07-05 13:14:54 DEBUG MainClientExec:267 - Proxy auth state: UNCHALLENGED
2020-07-05 13:14:54 DEBUG headers:133 - http-outgoing-0 >> POST /session/ce8f6817e7bd02e85d704d35f582d89e/elements HTTP/1.1
2020-07-05 13:14:54 DEBUG headers:136 - http-outgoing-0 >> Content-Type: application/json; charset=utf-8
2020-07-05 13:14:54 DEBUG headers:136 - http-outgoing-0 >> Content-Length: 46
2020-07-05 13:14:54 DEBUG headers:136 - http-outgoing-0 >> Host: localhost:2700
2020-07-05 13:14:54 DEBUG headers:136 - http-outgoing-0 >> Connection: Keep-Alive
2020-07-05 13:14:54 DEBUG headers:136 - http-outgoing-0 >> User-Agent: Apache-HttpClient/4.5.3 (Java/1.8.0_161)
2020-07-05 13:14:54 DEBUG headers:136 - http-outgoing-0 >> Accept-Encoding: gzip,deflate
2020-07-05 13:14:54 DEBUG wire:73 - http-outgoing-0 >> "POST /session/ce8f6817e7bd02e85d704d35f582d89e/elements HTTP/1.1[\r][\n]"
2020-07-05 13:14:54 DEBUG wire:73 - http-outgoing-0 >> "Content-Type: application/json; charset=utf-8[\r][\n]"
2020-07-05 13:14:54 DEBUG wire:73 - http-outgoing-0 >> "Content-Length: 46[\r][\n]"
2020-07-05 13:14:54 DEBUG wire:73 - http-outgoing-0 >> "Host: localhost:2700[\r][\n]"
2020-07-05 13:14:54 DEBUG wire:73 - http-outgoing-0 >> "Connection: Keep-Alive[\r][\n]"
2020-07-05 13:14:54 DEBUG wire:73 - http-outgoing-0 >> "User-Agent: Apache-HttpClient/4.5.3 (Java/1.8.0_161)[\r][\n]"
2020-07-05 13:14:54 DEBUG wire:73 - http-outgoing-0 >> "Accept-Encoding: gzip,deflate[\r][\n]"
2020-07-05 13:14:54 DEBUG wire:73 - http-outgoing-0 >> "[\r][\n]"
2020-07-05 13:14:54 DEBUG wire:87 - http-outgoing-0 >> "{"using":"css selector","value":"input#email"}"
2020-07-05 13:14:54 DEBUG wire:73 - http-outgoing-0 << "HTTP/1.1 200 OK[\r][\n]"
2020-07-05 13:14:54 DEBUG wire:73 - http-outgoing-0 << "Content-Length:105[\r][\n]"
2020-07-05 13:14:54 DEBUG wire:73 - http-outgoing-0 << "Content-Type:application/json; charset=utf-8[\r][\n]"
2020-07-05 13:14:54 DEBUG wire:73 - http-outgoing-0 << "[\r][\n]"
2020-07-05 13:14:54 DEBUG wire:87 - http-outgoing-0 << "{"sessionId":"ce8f6817e7bd02e85d704d35f582d89e","status":0,"value":[{"ELEMENT":"0.36981204369963216-1"}]}"
2020-07-05 13:14:54 DEBUG headers:122 - http-outgoing-0 << HTTP/1.1 200 OK
2020-07-05 13:14:54 DEBUG headers:125 - http-outgoing-0 << Content-Length:105
2020-07-05 13:14:54 DEBUG headers:125 - http-outgoing-0 << Content-Type:application/json; charset=utf-8
2020-07-05 13:14:54 DEBUG MainClientExec:285 - Connection can be kept alive indefinitely
2020-07-05 13:14:54 DEBUG PoolingHttpClientConnectionManager:320 - Connection [id: 0][route: {}->http://localhost:2700] can be kept alive indefinitely
2020-07-05 13:14:54 DEBUG PoolingHttpClientConnectionManager:326 - Connection released: [id: 0][route: {}->http://localhost:2700][total kept alive: 1; route allocated: 1 of 2000; total allocated: 1 of 2000]
2020-07-05 13:14:54 INFO  SeleniumUtil:373 - #########Element is present: By.cssSelector: input#email
2020-07-05 13:14:54 DEBUG SeleniumUtil:220 - inside getWebElement
2020-07-05 13:14:54 DEBUG RequestAddCookies:123 - CookieSpec selected: default
2020-07-05 13:14:54 DEBUG RequestAuthCache:77 - Auth cache not set in the context
2020-07-05 13:14:54 DEBUG PoolingHttpClientConnectionManager:255 - Connection request: [route: {}->http://localhost:2700][total kept alive: 1; route allocated: 1 of 2000; total allocated: 1 of 2000]
2020-07-05 13:14:54 DEBUG PoolingHttpClientConnectionManager:288 - Connection leased: [id: 0][route: {}->http://localhost:2700][total kept alive: 0; route allocated: 1 of 2000; total allocated: 1 of 2000]
2020-07-05 13:14:54 DEBUG MainClientExec:208 - Stale connection check
2020-07-05 13:14:54 DEBUG wire:87 - http-outgoing-0 << "[read] I/O error: Read timed out"
2020-07-05 13:14:54 DEBUG DefaultManagedHttpClientConnection:88 - http-outgoing-0: set socket timeout to 10800000
2020-07-05 13:14:54 DEBUG MainClientExec:256 - Executing request POST /session/ce8f6817e7bd02e85d704d35f582d89e/element HTTP/1.1
2020-07-05 13:14:54 DEBUG MainClientExec:261 - Target auth state: UNCHALLENGED
2020-07-05 13:14:54 DEBUG MainClientExec:267 - Proxy auth state: UNCHALLENGED
2020-07-05 13:14:54 DEBUG headers:133 - http-outgoing-0 >> POST /session/ce8f6817e7bd02e85d704d35f582d89e/element HTTP/1.1
2020-07-05 13:14:54 DEBUG headers:136 - http-outgoing-0 >> Content-Type: application/json; charset=utf-8
2020-07-05 13:14:54 DEBUG headers:136 - http-outgoing-0 >> Content-Length: 46
2020-07-05 13:14:54 DEBUG headers:136 - http-outgoing-0 >> Host: localhost:2700
2020-07-05 13:14:54 DEBUG headers:136 - http-outgoing-0 >> Connection: Keep-Alive
2020-07-05 13:14:54 DEBUG headers:136 - http-outgoing-0 >> User-Agent: Apache-HttpClient/4.5.3 (Java/1.8.0_161)
2020-07-05 13:14:54 DEBUG headers:136 - http-outgoing-0 >> Accept-Encoding: gzip,deflate
2020-07-05 13:14:54 DEBUG wire:73 - http-outgoing-0 >> "POST /session/ce8f6817e7bd02e85d704d35f582d89e/element HTTP/1.1[\r][\n]"
2020-07-05 13:14:54 DEBUG wire:73 - http-outgoing-0 >> "Content-Type: application/json; charset=utf-8[\r][\n]"
2020-07-05 13:14:54 DEBUG wire:73 - http-outgoing-0 >> "Content-Length: 46[\r][\n]"
2020-07-05 13:14:54 DEBUG wire:73 - http-outgoing-0 >> "Host: localhost:2700[\r][\n]"
2020-07-05 13:14:54 DEBUG wire:73 - http-outgoing-0 >> "Connection: Keep-Alive[\r][\n]"
2020-07-05 13:14:54 DEBUG wire:73 - http-outgoing-0 >> "User-Agent: Apache-HttpClient/4.5.3 (Java/1.8.0_161)[\r][\n]"
2020-07-05 13:14:54 DEBUG wire:73 - http-outgoing-0 >> "Accept-Encoding: gzip,deflate[\r][\n]"
2020-07-05 13:14:54 DEBUG wire:73 - http-outgoing-0 >> "[\r][\n]"
2020-07-05 13:14:54 DEBUG wire:87 - http-outgoing-0 >> "{"using":"css selector","value":"input#email"}"
2020-07-05 13:14:55 DEBUG wire:73 - http-outgoing-0 << "HTTP/1.1 200 OK[\r][\n]"
2020-07-05 13:14:55 DEBUG wire:73 - http-outgoing-0 << "Content-Length:103[\r][\n]"
2020-07-05 13:14:55 DEBUG wire:73 - http-outgoing-0 << "Content-Type:application/json; charset=utf-8[\r][\n]"
2020-07-05 13:14:55 DEBUG wire:73 - http-outgoing-0 << "[\r][\n]"
2020-07-05 13:14:55 DEBUG wire:87 - http-outgoing-0 << "{"sessionId":"ce8f6817e7bd02e85d704d35f582d89e","status":0,"value":{"ELEMENT":"0.36981204369963216-1"}}"
2020-07-05 13:14:55 DEBUG headers:122 - http-outgoing-0 << HTTP/1.1 200 OK
2020-07-05 13:14:55 DEBUG headers:125 - http-outgoing-0 << Content-Length:103
2020-07-05 13:14:55 DEBUG headers:125 - http-outgoing-0 << Content-Type:application/json; charset=utf-8
2020-07-05 13:14:55 DEBUG MainClientExec:285 - Connection can be kept alive indefinitely
2020-07-05 13:14:55 DEBUG PoolingHttpClientConnectionManager:320 - Connection [id: 0][route: {}->http://localhost:2700] can be kept alive indefinitely
2020-07-05 13:14:55 DEBUG PoolingHttpClientConnectionManager:326 - Connection released: [id: 0][route: {}->http://localhost:2700][total kept alive: 1; route allocated: 1 of 2000; total allocated: 1 of 2000]
2020-07-05 13:14:55 DEBUG RequestAddCookies:123 - CookieSpec selected: default
2020-07-05 13:14:55 DEBUG RequestAuthCache:77 - Auth cache not set in the context
2020-07-05 13:14:55 DEBUG PoolingHttpClientConnectionManager:255 - Connection request: [route: {}->http://localhost:2700][total kept alive: 1; route allocated: 1 of 2000; total allocated: 1 of 2000]
2020-07-05 13:14:55 DEBUG PoolingHttpClientConnectionManager:288 - Connection leased: [id: 0][route: {}->http://localhost:2700][total kept alive: 0; route allocated: 1 of 2000; total allocated: 1 of 2000]
2020-07-05 13:14:55 DEBUG MainClientExec:208 - Stale connection check
2020-07-05 13:14:55 DEBUG wire:87 - http-outgoing-0 << "[read] I/O error: Read timed out"
2020-07-05 13:14:55 DEBUG DefaultManagedHttpClientConnection:88 - http-outgoing-0: set socket timeout to 10800000
2020-07-05 13:14:55 DEBUG MainClientExec:256 - Executing request POST /session/ce8f6817e7bd02e85d704d35f582d89e/element/0.36981204369963216-1/value HTTP/1.1
2020-07-05 13:14:55 DEBUG MainClientExec:261 - Target auth state: UNCHALLENGED
2020-07-05 13:14:55 DEBUG MainClientExec:267 - Proxy auth state: UNCHALLENGED
2020-07-05 13:14:55 DEBUG headers:133 - http-outgoing-0 >> POST /session/ce8f6817e7bd02e85d704d35f582d89e/element/0.36981204369963216-1/value HTTP/1.1
2020-07-05 13:14:55 DEBUG headers:136 - http-outgoing-0 >> Content-Type: application/json; charset=utf-8
2020-07-05 13:14:55 DEBUG headers:136 - http-outgoing-0 >> Content-Length: 67
2020-07-05 13:14:55 DEBUG headers:136 - http-outgoing-0 >> Host: localhost:2700
2020-07-05 13:14:55 DEBUG headers:136 - http-outgoing-0 >> Connection: Keep-Alive
2020-07-05 13:14:55 DEBUG headers:136 - http-outgoing-0 >> User-Agent: Apache-HttpClient/4.5.3 (Java/1.8.0_161)
2020-07-05 13:14:55 DEBUG headers:136 - http-outgoing-0 >> Accept-Encoding: gzip,deflate
2020-07-05 13:14:55 DEBUG wire:73 - http-outgoing-0 >> "POST /session/ce8f6817e7bd02e85d704d35f582d89e/element/0.36981204369963216-1/value HTTP/1.1[\r][\n]"
2020-07-05 13:14:55 DEBUG wire:73 - http-outgoing-0 >> "Content-Type: application/json; charset=utf-8[\r][\n]"
2020-07-05 13:14:55 DEBUG wire:73 - http-outgoing-0 >> "Content-Length: 67[\r][\n]"
2020-07-05 13:14:55 DEBUG wire:73 - http-outgoing-0 >> "Host: localhost:2700[\r][\n]"
2020-07-05 13:14:55 DEBUG wire:73 - http-outgoing-0 >> "Connection: Keep-Alive[\r][\n]"
2020-07-05 13:14:55 DEBUG wire:73 - http-outgoing-0 >> "User-Agent: Apache-HttpClient/4.5.3 (Java/1.8.0_161)[\r][\n]"
2020-07-05 13:14:55 DEBUG wire:73 - http-outgoing-0 >> "Accept-Encoding: gzip,deflate[\r][\n]"
2020-07-05 13:14:55 DEBUG wire:73 - http-outgoing-0 >> "[\r][\n]"
2020-07-05 13:14:55 DEBUG wire:87 - http-outgoing-0 >> "{"id":"0.36981204369963216-1","value":["callnirajgupta@gmail.com"]}"
2020-07-05 13:14:55 DEBUG wire:73 - http-outgoing-0 << "HTTP/1.1 200 OK[\r][\n]"
2020-07-05 13:14:55 DEBUG wire:73 - http-outgoing-0 << "Content-Length:72[\r][\n]"
2020-07-05 13:14:55 DEBUG wire:73 - http-outgoing-0 << "Content-Type:application/json; charset=utf-8[\r][\n]"
2020-07-05 13:14:55 DEBUG wire:73 - http-outgoing-0 << "[\r][\n]"
2020-07-05 13:14:55 DEBUG wire:87 - http-outgoing-0 << "{"sessionId":"ce8f6817e7bd02e85d704d35f582d89e","status":0,"value":null}"
2020-07-05 13:14:55 DEBUG headers:122 - http-outgoing-0 << HTTP/1.1 200 OK
2020-07-05 13:14:55 DEBUG headers:125 - http-outgoing-0 << Content-Length:72
2020-07-05 13:14:55 DEBUG headers:125 - http-outgoing-0 << Content-Type:application/json; charset=utf-8
2020-07-05 13:14:55 DEBUG MainClientExec:285 - Connection can be kept alive indefinitely
2020-07-05 13:14:55 DEBUG PoolingHttpClientConnectionManager:320 - Connection [id: 0][route: {}->http://localhost:2700] can be kept alive indefinitely
2020-07-05 13:14:55 DEBUG PoolingHttpClientConnectionManager:326 - Connection released: [id: 0][route: {}->http://localhost:2700][total kept alive: 1; route allocated: 1 of 2000; total allocated: 1 of 2000]
2020-07-05 13:14:55 INFO  SeleniumUtil:361 - Inside ValidateWebElementPresence method
2020-07-05 13:14:55 DEBUG RequestAddCookies:123 - CookieSpec selected: default
2020-07-05 13:14:55 DEBUG RequestAuthCache:77 - Auth cache not set in the context
2020-07-05 13:14:55 DEBUG PoolingHttpClientConnectionManager:255 - Connection request: [route: {}->http://localhost:2700][total kept alive: 1; route allocated: 1 of 2000; total allocated: 1 of 2000]
2020-07-05 13:14:55 DEBUG PoolingHttpClientConnectionManager:288 - Connection leased: [id: 0][route: {}->http://localhost:2700][total kept alive: 0; route allocated: 1 of 2000; total allocated: 1 of 2000]
2020-07-05 13:14:55 DEBUG MainClientExec:208 - Stale connection check
2020-07-05 13:14:55 DEBUG wire:87 - http-outgoing-0 << "[read] I/O error: Read timed out"
2020-07-05 13:14:55 DEBUG DefaultManagedHttpClientConnection:88 - http-outgoing-0: set socket timeout to 10800000
2020-07-05 13:14:55 DEBUG MainClientExec:256 - Executing request POST /session/ce8f6817e7bd02e85d704d35f582d89e/elements HTTP/1.1
2020-07-05 13:14:55 DEBUG MainClientExec:261 - Target auth state: UNCHALLENGED
2020-07-05 13:14:55 DEBUG MainClientExec:267 - Proxy auth state: UNCHALLENGED
2020-07-05 13:14:55 DEBUG headers:133 - http-outgoing-0 >> POST /session/ce8f6817e7bd02e85d704d35f582d89e/elements HTTP/1.1
2020-07-05 13:14:55 DEBUG headers:136 - http-outgoing-0 >> Content-Type: application/json; charset=utf-8
2020-07-05 13:14:55 DEBUG headers:136 - http-outgoing-0 >> Content-Length: 56
2020-07-05 13:14:55 DEBUG headers:136 - http-outgoing-0 >> Host: localhost:2700
2020-07-05 13:14:55 DEBUG headers:136 - http-outgoing-0 >> Connection: Keep-Alive
2020-07-05 13:14:55 DEBUG headers:136 - http-outgoing-0 >> User-Agent: Apache-HttpClient/4.5.3 (Java/1.8.0_161)
2020-07-05 13:14:55 DEBUG headers:136 - http-outgoing-0 >> Accept-Encoding: gzip,deflate
2020-07-05 13:14:55 DEBUG wire:73 - http-outgoing-0 >> "POST /session/ce8f6817e7bd02e85d704d35f582d89e/elements HTTP/1.1[\r][\n]"
2020-07-05 13:14:55 DEBUG wire:73 - http-outgoing-0 >> "Content-Type: application/json; charset=utf-8[\r][\n]"
2020-07-05 13:14:55 DEBUG wire:73 - http-outgoing-0 >> "Content-Length: 56[\r][\n]"
2020-07-05 13:14:55 DEBUG wire:73 - http-outgoing-0 >> "Host: localhost:2700[\r][\n]"
2020-07-05 13:14:55 DEBUG wire:73 - http-outgoing-0 >> "Connection: Keep-Alive[\r][\n]"
2020-07-05 13:14:55 DEBUG wire:73 - http-outgoing-0 >> "User-Agent: Apache-HttpClient/4.5.3 (Java/1.8.0_161)[\r][\n]"
2020-07-05 13:14:55 DEBUG wire:73 - http-outgoing-0 >> "Accept-Encoding: gzip,deflate[\r][\n]"
2020-07-05 13:14:55 DEBUG wire:73 - http-outgoing-0 >> "[\r][\n]"
2020-07-05 13:14:55 DEBUG wire:87 - http-outgoing-0 >> "{"using":"css selector","value":"input[id\u003dpasswd]"}"
2020-07-05 13:14:55 DEBUG wire:73 - http-outgoing-0 << "HTTP/1.1 200 OK[\r][\n]"
2020-07-05 13:14:55 DEBUG wire:73 - http-outgoing-0 << "Content-Length:105[\r][\n]"
2020-07-05 13:14:55 DEBUG wire:73 - http-outgoing-0 << "Content-Type:application/json; charset=utf-8[\r][\n]"
2020-07-05 13:14:55 DEBUG wire:73 - http-outgoing-0 << "[\r][\n]"
2020-07-05 13:14:55 DEBUG wire:87 - http-outgoing-0 << "{"sessionId":"ce8f6817e7bd02e85d704d35f582d89e","status":0,"value":[{"ELEMENT":"0.36981204369963216-2"}]}"
2020-07-05 13:14:55 DEBUG headers:122 - http-outgoing-0 << HTTP/1.1 200 OK
2020-07-05 13:14:55 DEBUG headers:125 - http-outgoing-0 << Content-Length:105
2020-07-05 13:14:55 DEBUG headers:125 - http-outgoing-0 << Content-Type:application/json; charset=utf-8
2020-07-05 13:14:55 DEBUG MainClientExec:285 - Connection can be kept alive indefinitely
2020-07-05 13:14:55 DEBUG PoolingHttpClientConnectionManager:320 - Connection [id: 0][route: {}->http://localhost:2700] can be kept alive indefinitely
2020-07-05 13:14:55 DEBUG PoolingHttpClientConnectionManager:326 - Connection released: [id: 0][route: {}->http://localhost:2700][total kept alive: 1; route allocated: 1 of 2000; total allocated: 1 of 2000]
2020-07-05 13:14:55 INFO  SeleniumUtil:373 - #########Element is present: By.cssSelector: input[id=passwd]
2020-07-05 13:14:55 DEBUG SeleniumUtil:220 - inside getWebElement
2020-07-05 13:14:55 DEBUG RequestAddCookies:123 - CookieSpec selected: default
2020-07-05 13:14:55 DEBUG RequestAuthCache:77 - Auth cache not set in the context
2020-07-05 13:14:55 DEBUG PoolingHttpClientConnectionManager:255 - Connection request: [route: {}->http://localhost:2700][total kept alive: 1; route allocated: 1 of 2000; total allocated: 1 of 2000]
2020-07-05 13:14:55 DEBUG PoolingHttpClientConnectionManager:288 - Connection leased: [id: 0][route: {}->http://localhost:2700][total kept alive: 0; route allocated: 1 of 2000; total allocated: 1 of 2000]
2020-07-05 13:14:55 DEBUG MainClientExec:208 - Stale connection check
2020-07-05 13:14:55 DEBUG wire:87 - http-outgoing-0 << "[read] I/O error: Read timed out"
2020-07-05 13:14:55 DEBUG DefaultManagedHttpClientConnection:88 - http-outgoing-0: set socket timeout to 10800000
2020-07-05 13:14:55 DEBUG MainClientExec:256 - Executing request POST /session/ce8f6817e7bd02e85d704d35f582d89e/element HTTP/1.1
2020-07-05 13:14:55 DEBUG MainClientExec:261 - Target auth state: UNCHALLENGED
2020-07-05 13:14:55 DEBUG MainClientExec:267 - Proxy auth state: UNCHALLENGED
2020-07-05 13:14:55 DEBUG headers:133 - http-outgoing-0 >> POST /session/ce8f6817e7bd02e85d704d35f582d89e/element HTTP/1.1
2020-07-05 13:14:55 DEBUG headers:136 - http-outgoing-0 >> Content-Type: application/json; charset=utf-8
2020-07-05 13:14:55 DEBUG headers:136 - http-outgoing-0 >> Content-Length: 56
2020-07-05 13:14:55 DEBUG headers:136 - http-outgoing-0 >> Host: localhost:2700
2020-07-05 13:14:55 DEBUG headers:136 - http-outgoing-0 >> Connection: Keep-Alive
2020-07-05 13:14:55 DEBUG headers:136 - http-outgoing-0 >> User-Agent: Apache-HttpClient/4.5.3 (Java/1.8.0_161)
2020-07-05 13:14:55 DEBUG headers:136 - http-outgoing-0 >> Accept-Encoding: gzip,deflate
2020-07-05 13:14:55 DEBUG wire:73 - http-outgoing-0 >> "POST /session/ce8f6817e7bd02e85d704d35f582d89e/element HTTP/1.1[\r][\n]"
2020-07-05 13:14:55 DEBUG wire:73 - http-outgoing-0 >> "Content-Type: application/json; charset=utf-8[\r][\n]"
2020-07-05 13:14:55 DEBUG wire:73 - http-outgoing-0 >> "Content-Length: 56[\r][\n]"
2020-07-05 13:14:55 DEBUG wire:73 - http-outgoing-0 >> "Host: localhost:2700[\r][\n]"
2020-07-05 13:14:55 DEBUG wire:73 - http-outgoing-0 >> "Connection: Keep-Alive[\r][\n]"
2020-07-05 13:14:55 DEBUG wire:73 - http-outgoing-0 >> "User-Agent: Apache-HttpClient/4.5.3 (Java/1.8.0_161)[\r][\n]"
2020-07-05 13:14:55 DEBUG wire:73 - http-outgoing-0 >> "Accept-Encoding: gzip,deflate[\r][\n]"
2020-07-05 13:14:55 DEBUG wire:73 - http-outgoing-0 >> "[\r][\n]"
2020-07-05 13:14:55 DEBUG wire:87 - http-outgoing-0 >> "{"using":"css selector","value":"input[id\u003dpasswd]"}"
2020-07-05 13:14:55 DEBUG wire:73 - http-outgoing-0 << "HTTP/1.1 200 OK[\r][\n]"
2020-07-05 13:14:55 DEBUG wire:73 - http-outgoing-0 << "Content-Length:103[\r][\n]"
2020-07-05 13:14:55 DEBUG wire:73 - http-outgoing-0 << "Content-Type:application/json; charset=utf-8[\r][\n]"
2020-07-05 13:14:55 DEBUG wire:73 - http-outgoing-0 << "[\r][\n]"
2020-07-05 13:14:55 DEBUG wire:87 - http-outgoing-0 << "{"sessionId":"ce8f6817e7bd02e85d704d35f582d89e","status":0,"value":{"ELEMENT":"0.36981204369963216-2"}}"
2020-07-05 13:14:55 DEBUG headers:122 - http-outgoing-0 << HTTP/1.1 200 OK
2020-07-05 13:14:55 DEBUG headers:125 - http-outgoing-0 << Content-Length:103
2020-07-05 13:14:55 DEBUG headers:125 - http-outgoing-0 << Content-Type:application/json; charset=utf-8
2020-07-05 13:14:55 DEBUG MainClientExec:285 - Connection can be kept alive indefinitely
2020-07-05 13:14:55 DEBUG PoolingHttpClientConnectionManager:320 - Connection [id: 0][route: {}->http://localhost:2700] can be kept alive indefinitely
2020-07-05 13:14:55 DEBUG PoolingHttpClientConnectionManager:326 - Connection released: [id: 0][route: {}->http://localhost:2700][total kept alive: 1; route allocated: 1 of 2000; total allocated: 1 of 2000]
2020-07-05 13:14:55 DEBUG RequestAddCookies:123 - CookieSpec selected: default
2020-07-05 13:14:55 DEBUG RequestAuthCache:77 - Auth cache not set in the context
2020-07-05 13:14:55 DEBUG PoolingHttpClientConnectionManager:255 - Connection request: [route: {}->http://localhost:2700][total kept alive: 1; route allocated: 1 of 2000; total allocated: 1 of 2000]
2020-07-05 13:14:55 DEBUG PoolingHttpClientConnectionManager:288 - Connection leased: [id: 0][route: {}->http://localhost:2700][total kept alive: 0; route allocated: 1 of 2000; total allocated: 1 of 2000]
2020-07-05 13:14:55 DEBUG MainClientExec:208 - Stale connection check
2020-07-05 13:14:56 DEBUG wire:87 - http-outgoing-0 << "[read] I/O error: Read timed out"
2020-07-05 13:14:56 DEBUG DefaultManagedHttpClientConnection:88 - http-outgoing-0: set socket timeout to 10800000
2020-07-05 13:14:56 DEBUG MainClientExec:256 - Executing request POST /session/ce8f6817e7bd02e85d704d35f582d89e/element/0.36981204369963216-2/value HTTP/1.1
2020-07-05 13:14:56 DEBUG MainClientExec:261 - Target auth state: UNCHALLENGED
2020-07-05 13:14:56 DEBUG MainClientExec:267 - Proxy auth state: UNCHALLENGED
2020-07-05 13:14:56 DEBUG headers:133 - http-outgoing-0 >> POST /session/ce8f6817e7bd02e85d704d35f582d89e/element/0.36981204369963216-2/value HTTP/1.1
2020-07-05 13:14:56 DEBUG headers:136 - http-outgoing-0 >> Content-Type: application/json; charset=utf-8
2020-07-05 13:14:56 DEBUG headers:136 - http-outgoing-0 >> Content-Length: 52
2020-07-05 13:14:56 DEBUG headers:136 - http-outgoing-0 >> Host: localhost:2700
2020-07-05 13:14:56 DEBUG headers:136 - http-outgoing-0 >> Connection: Keep-Alive
2020-07-05 13:14:56 DEBUG headers:136 - http-outgoing-0 >> User-Agent: Apache-HttpClient/4.5.3 (Java/1.8.0_161)
2020-07-05 13:14:56 DEBUG headers:136 - http-outgoing-0 >> Accept-Encoding: gzip,deflate
2020-07-05 13:14:56 DEBUG wire:73 - http-outgoing-0 >> "POST /session/ce8f6817e7bd02e85d704d35f582d89e/element/0.36981204369963216-2/value HTTP/1.1[\r][\n]"
2020-07-05 13:14:56 DEBUG wire:73 - http-outgoing-0 >> "Content-Type: application/json; charset=utf-8[\r][\n]"
2020-07-05 13:14:56 DEBUG wire:73 - http-outgoing-0 >> "Content-Length: 52[\r][\n]"
2020-07-05 13:14:56 DEBUG wire:73 - http-outgoing-0 >> "Host: localhost:2700[\r][\n]"
2020-07-05 13:14:56 DEBUG wire:73 - http-outgoing-0 >> "Connection: Keep-Alive[\r][\n]"
2020-07-05 13:14:56 DEBUG wire:73 - http-outgoing-0 >> "User-Agent: Apache-HttpClient/4.5.3 (Java/1.8.0_161)[\r][\n]"
2020-07-05 13:14:56 DEBUG wire:73 - http-outgoing-0 >> "Accept-Encoding: gzip,deflate[\r][\n]"
2020-07-05 13:14:56 DEBUG wire:73 - http-outgoing-0 >> "[\r][\n]"
2020-07-05 13:14:56 DEBUG wire:87 - http-outgoing-0 >> "{"id":"0.36981204369963216-2","value":["password1"]}"
2020-07-05 13:14:56 DEBUG wire:73 - http-outgoing-0 << "HTTP/1.1 200 OK[\r][\n]"
2020-07-05 13:14:56 DEBUG wire:73 - http-outgoing-0 << "Content-Length:72[\r][\n]"
2020-07-05 13:14:56 DEBUG wire:73 - http-outgoing-0 << "Content-Type:application/json; charset=utf-8[\r][\n]"
2020-07-05 13:14:56 DEBUG wire:73 - http-outgoing-0 << "[\r][\n]"
2020-07-05 13:14:56 DEBUG wire:87 - http-outgoing-0 << "{"sessionId":"ce8f6817e7bd02e85d704d35f582d89e","status":0,"value":null}"
2020-07-05 13:14:56 DEBUG headers:122 - http-outgoing-0 << HTTP/1.1 200 OK
2020-07-05 13:14:56 DEBUG headers:125 - http-outgoing-0 << Content-Length:72
2020-07-05 13:14:56 DEBUG headers:125 - http-outgoing-0 << Content-Type:application/json; charset=utf-8
2020-07-05 13:14:56 DEBUG MainClientExec:285 - Connection can be kept alive indefinitely
2020-07-05 13:14:56 DEBUG PoolingHttpClientConnectionManager:320 - Connection [id: 0][route: {}->http://localhost:2700] can be kept alive indefinitely
2020-07-05 13:14:56 DEBUG PoolingHttpClientConnectionManager:326 - Connection released: [id: 0][route: {}->http://localhost:2700][total kept alive: 1; route allocated: 1 of 2000; total allocated: 1 of 2000]
2020-07-05 13:14:56 INFO  SeleniumUtil:379 - Inside ValidateWebElementPresence method
2020-07-05 13:14:56 DEBUG RequestAddCookies:123 - CookieSpec selected: default
2020-07-05 13:14:56 DEBUG RequestAuthCache:77 - Auth cache not set in the context
2020-07-05 13:14:56 DEBUG PoolingHttpClientConnectionManager:255 - Connection request: [route: {}->http://localhost:2700][total kept alive: 1; route allocated: 1 of 2000; total allocated: 1 of 2000]
2020-07-05 13:14:56 DEBUG PoolingHttpClientConnectionManager:288 - Connection leased: [id: 0][route: {}->http://localhost:2700][total kept alive: 0; route allocated: 1 of 2000; total allocated: 1 of 2000]
2020-07-05 13:14:56 DEBUG MainClientExec:208 - Stale connection check
2020-07-05 13:14:56 DEBUG wire:87 - http-outgoing-0 << "[read] I/O error: Read timed out"
2020-07-05 13:14:56 DEBUG DefaultManagedHttpClientConnection:88 - http-outgoing-0: set socket timeout to 10800000
2020-07-05 13:14:56 DEBUG MainClientExec:256 - Executing request POST /session/ce8f6817e7bd02e85d704d35f582d89e/elements HTTP/1.1
2020-07-05 13:14:56 DEBUG MainClientExec:261 - Target auth state: UNCHALLENGED
2020-07-05 13:14:56 DEBUG MainClientExec:267 - Proxy auth state: UNCHALLENGED
2020-07-05 13:14:56 DEBUG headers:133 - http-outgoing-0 >> POST /session/ce8f6817e7bd02e85d704d35f582d89e/elements HTTP/1.1
2020-07-05 13:14:56 DEBUG headers:136 - http-outgoing-0 >> Content-Type: application/json; charset=utf-8
2020-07-05 13:14:56 DEBUG headers:136 - http-outgoing-0 >> Content-Length: 36
2020-07-05 13:14:56 DEBUG headers:136 - http-outgoing-0 >> Host: localhost:2700
2020-07-05 13:14:56 DEBUG headers:136 - http-outgoing-0 >> Connection: Keep-Alive
2020-07-05 13:14:56 DEBUG headers:136 - http-outgoing-0 >> User-Agent: Apache-HttpClient/4.5.3 (Java/1.8.0_161)
2020-07-05 13:14:56 DEBUG headers:136 - http-outgoing-0 >> Accept-Encoding: gzip,deflate
2020-07-05 13:14:56 DEBUG wire:73 - http-outgoing-0 >> "POST /session/ce8f6817e7bd02e85d704d35f582d89e/elements HTTP/1.1[\r][\n]"
2020-07-05 13:14:56 DEBUG wire:73 - http-outgoing-0 >> "Content-Type: application/json; charset=utf-8[\r][\n]"
2020-07-05 13:14:56 DEBUG wire:73 - http-outgoing-0 >> "Content-Length: 36[\r][\n]"
2020-07-05 13:14:56 DEBUG wire:73 - http-outgoing-0 >> "Host: localhost:2700[\r][\n]"
2020-07-05 13:14:56 DEBUG wire:73 - http-outgoing-0 >> "Connection: Keep-Alive[\r][\n]"
2020-07-05 13:14:56 DEBUG wire:73 - http-outgoing-0 >> "User-Agent: Apache-HttpClient/4.5.3 (Java/1.8.0_161)[\r][\n]"
2020-07-05 13:14:56 DEBUG wire:73 - http-outgoing-0 >> "Accept-Encoding: gzip,deflate[\r][\n]"
2020-07-05 13:14:56 DEBUG wire:73 - http-outgoing-0 >> "[\r][\n]"
2020-07-05 13:14:56 DEBUG wire:87 - http-outgoing-0 >> "{"using":"id","value":"SubmitLogin"}"
2020-07-05 13:14:56 DEBUG wire:73 - http-outgoing-0 << "HTTP/1.1 200 OK[\r][\n]"
2020-07-05 13:14:56 DEBUG wire:73 - http-outgoing-0 << "Content-Length:105[\r][\n]"
2020-07-05 13:14:56 DEBUG wire:73 - http-outgoing-0 << "Content-Type:application/json; charset=utf-8[\r][\n]"
2020-07-05 13:14:56 DEBUG wire:73 - http-outgoing-0 << "[\r][\n]"
2020-07-05 13:14:56 DEBUG wire:87 - http-outgoing-0 << "{"sessionId":"ce8f6817e7bd02e85d704d35f582d89e","status":0,"value":[{"ELEMENT":"0.36981204369963216-3"}]}"
2020-07-05 13:14:56 DEBUG headers:122 - http-outgoing-0 << HTTP/1.1 200 OK
2020-07-05 13:14:56 DEBUG headers:125 - http-outgoing-0 << Content-Length:105
2020-07-05 13:14:56 DEBUG headers:125 - http-outgoing-0 << Content-Type:application/json; charset=utf-8
2020-07-05 13:14:56 DEBUG MainClientExec:285 - Connection can be kept alive indefinitely
2020-07-05 13:14:56 DEBUG PoolingHttpClientConnectionManager:320 - Connection [id: 0][route: {}->http://localhost:2700] can be kept alive indefinitely
2020-07-05 13:14:56 DEBUG PoolingHttpClientConnectionManager:326 - Connection released: [id: 0][route: {}->http://localhost:2700][total kept alive: 1; route allocated: 1 of 2000; total allocated: 1 of 2000]
2020-07-05 13:14:56 DEBUG RequestAddCookies:123 - CookieSpec selected: default
2020-07-05 13:14:56 DEBUG RequestAuthCache:77 - Auth cache not set in the context
2020-07-05 13:14:56 DEBUG PoolingHttpClientConnectionManager:255 - Connection request: [route: {}->http://localhost:2700][total kept alive: 1; route allocated: 1 of 2000; total allocated: 1 of 2000]
2020-07-05 13:14:56 DEBUG PoolingHttpClientConnectionManager:288 - Connection leased: [id: 0][route: {}->http://localhost:2700][total kept alive: 0; route allocated: 1 of 2000; total allocated: 1 of 2000]
2020-07-05 13:14:56 DEBUG MainClientExec:208 - Stale connection check
2020-07-05 13:14:56 DEBUG wire:87 - http-outgoing-0 << "[read] I/O error: Read timed out"
2020-07-05 13:14:56 DEBUG DefaultManagedHttpClientConnection:88 - http-outgoing-0: set socket timeout to 10800000
2020-07-05 13:14:56 DEBUG MainClientExec:256 - Executing request GET /session/ce8f6817e7bd02e85d704d35f582d89e/element/0.36981204369963216-3/displayed HTTP/1.1
2020-07-05 13:14:56 DEBUG MainClientExec:261 - Target auth state: UNCHALLENGED
2020-07-05 13:14:56 DEBUG MainClientExec:267 - Proxy auth state: UNCHALLENGED
2020-07-05 13:14:56 DEBUG headers:133 - http-outgoing-0 >> GET /session/ce8f6817e7bd02e85d704d35f582d89e/element/0.36981204369963216-3/displayed HTTP/1.1
2020-07-05 13:14:56 DEBUG headers:136 - http-outgoing-0 >> Cache-Control: no-cache
2020-07-05 13:14:56 DEBUG headers:136 - http-outgoing-0 >> Host: localhost:2700
2020-07-05 13:14:56 DEBUG headers:136 - http-outgoing-0 >> Connection: Keep-Alive
2020-07-05 13:14:56 DEBUG headers:136 - http-outgoing-0 >> User-Agent: Apache-HttpClient/4.5.3 (Java/1.8.0_161)
2020-07-05 13:14:56 DEBUG headers:136 - http-outgoing-0 >> Accept-Encoding: gzip,deflate
2020-07-05 13:14:56 DEBUG wire:73 - http-outgoing-0 >> "GET /session/ce8f6817e7bd02e85d704d35f582d89e/element/0.36981204369963216-3/displayed HTTP/1.1[\r][\n]"
2020-07-05 13:14:56 DEBUG wire:73 - http-outgoing-0 >> "Cache-Control: no-cache[\r][\n]"
2020-07-05 13:14:56 DEBUG wire:73 - http-outgoing-0 >> "Host: localhost:2700[\r][\n]"
2020-07-05 13:14:56 DEBUG wire:73 - http-outgoing-0 >> "Connection: Keep-Alive[\r][\n]"
2020-07-05 13:14:56 DEBUG wire:73 - http-outgoing-0 >> "User-Agent: Apache-HttpClient/4.5.3 (Java/1.8.0_161)[\r][\n]"
2020-07-05 13:14:56 DEBUG wire:73 - http-outgoing-0 >> "Accept-Encoding: gzip,deflate[\r][\n]"
2020-07-05 13:14:56 DEBUG wire:73 - http-outgoing-0 >> "[\r][\n]"
2020-07-05 13:14:56 DEBUG wire:73 - http-outgoing-0 << "HTTP/1.1 200 OK[\r][\n]"
2020-07-05 13:14:56 DEBUG wire:73 - http-outgoing-0 << "Content-Length:72[\r][\n]"
2020-07-05 13:14:56 DEBUG wire:73 - http-outgoing-0 << "Content-Type:application/json; charset=utf-8[\r][\n]"
2020-07-05 13:14:56 DEBUG wire:73 - http-outgoing-0 << "[\r][\n]"
2020-07-05 13:14:56 DEBUG wire:87 - http-outgoing-0 << "{"sessionId":"ce8f6817e7bd02e85d704d35f582d89e","status":0,"value":true}"
2020-07-05 13:14:56 DEBUG headers:122 - http-outgoing-0 << HTTP/1.1 200 OK
2020-07-05 13:14:56 DEBUG headers:125 - http-outgoing-0 << Content-Length:72
2020-07-05 13:14:56 DEBUG headers:125 - http-outgoing-0 << Content-Type:application/json; charset=utf-8
2020-07-05 13:14:56 DEBUG MainClientExec:285 - Connection can be kept alive indefinitely
2020-07-05 13:14:56 DEBUG PoolingHttpClientConnectionManager:320 - Connection [id: 0][route: {}->http://localhost:2700] can be kept alive indefinitely
2020-07-05 13:14:56 DEBUG PoolingHttpClientConnectionManager:326 - Connection released: [id: 0][route: {}->http://localhost:2700][total kept alive: 1; route allocated: 1 of 2000; total allocated: 1 of 2000]
2020-07-05 13:14:56 INFO  SeleniumUtil:383 - ######### Element is visible: By.id: SubmitLogin
2020-07-05 13:14:56 DEBUG SeleniumUtil:220 - inside getWebElement
2020-07-05 13:14:56 DEBUG RequestAddCookies:123 - CookieSpec selected: default
2020-07-05 13:14:56 DEBUG RequestAuthCache:77 - Auth cache not set in the context
2020-07-05 13:14:56 DEBUG PoolingHttpClientConnectionManager:255 - Connection request: [route: {}->http://localhost:2700][total kept alive: 1; route allocated: 1 of 2000; total allocated: 1 of 2000]
2020-07-05 13:14:56 DEBUG PoolingHttpClientConnectionManager:288 - Connection leased: [id: 0][route: {}->http://localhost:2700][total kept alive: 0; route allocated: 1 of 2000; total allocated: 1 of 2000]
2020-07-05 13:14:56 DEBUG MainClientExec:208 - Stale connection check
2020-07-05 13:14:56 DEBUG wire:87 - http-outgoing-0 << "[read] I/O error: Read timed out"
2020-07-05 13:14:56 DEBUG DefaultManagedHttpClientConnection:88 - http-outgoing-0: set socket timeout to 10800000
2020-07-05 13:14:56 DEBUG MainClientExec:256 - Executing request POST /session/ce8f6817e7bd02e85d704d35f582d89e/element HTTP/1.1
2020-07-05 13:14:56 DEBUG MainClientExec:261 - Target auth state: UNCHALLENGED
2020-07-05 13:14:56 DEBUG MainClientExec:267 - Proxy auth state: UNCHALLENGED
2020-07-05 13:14:56 DEBUG headers:133 - http-outgoing-0 >> POST /session/ce8f6817e7bd02e85d704d35f582d89e/element HTTP/1.1
2020-07-05 13:14:56 DEBUG headers:136 - http-outgoing-0 >> Content-Type: application/json; charset=utf-8
2020-07-05 13:14:56 DEBUG headers:136 - http-outgoing-0 >> Content-Length: 36
2020-07-05 13:14:56 DEBUG headers:136 - http-outgoing-0 >> Host: localhost:2700
2020-07-05 13:14:56 DEBUG headers:136 - http-outgoing-0 >> Connection: Keep-Alive
2020-07-05 13:14:56 DEBUG headers:136 - http-outgoing-0 >> User-Agent: Apache-HttpClient/4.5.3 (Java/1.8.0_161)
2020-07-05 13:14:56 DEBUG headers:136 - http-outgoing-0 >> Accept-Encoding: gzip,deflate
2020-07-05 13:14:56 DEBUG wire:73 - http-outgoing-0 >> "POST /session/ce8f6817e7bd02e85d704d35f582d89e/element HTTP/1.1[\r][\n]"
2020-07-05 13:14:56 DEBUG wire:73 - http-outgoing-0 >> "Content-Type: application/json; charset=utf-8[\r][\n]"
2020-07-05 13:14:56 DEBUG wire:73 - http-outgoing-0 >> "Content-Length: 36[\r][\n]"
2020-07-05 13:14:56 DEBUG wire:73 - http-outgoing-0 >> "Host: localhost:2700[\r][\n]"
2020-07-05 13:14:56 DEBUG wire:73 - http-outgoing-0 >> "Connection: Keep-Alive[\r][\n]"
2020-07-05 13:14:56 DEBUG wire:73 - http-outgoing-0 >> "User-Agent: Apache-HttpClient/4.5.3 (Java/1.8.0_161)[\r][\n]"
2020-07-05 13:14:56 DEBUG wire:73 - http-outgoing-0 >> "Accept-Encoding: gzip,deflate[\r][\n]"
2020-07-05 13:14:56 DEBUG wire:73 - http-outgoing-0 >> "[\r][\n]"
2020-07-05 13:14:56 DEBUG wire:87 - http-outgoing-0 >> "{"using":"id","value":"SubmitLogin"}"
2020-07-05 13:14:56 DEBUG wire:73 - http-outgoing-0 << "HTTP/1.1 200 OK[\r][\n]"
2020-07-05 13:14:56 DEBUG wire:73 - http-outgoing-0 << "Content-Length:103[\r][\n]"
2020-07-05 13:14:56 DEBUG wire:73 - http-outgoing-0 << "Content-Type:application/json; charset=utf-8[\r][\n]"
2020-07-05 13:14:56 DEBUG wire:73 - http-outgoing-0 << "[\r][\n]"
2020-07-05 13:14:56 DEBUG wire:87 - http-outgoing-0 << "{"sessionId":"ce8f6817e7bd02e85d704d35f582d89e","status":0,"value":{"ELEMENT":"0.36981204369963216-3"}}"
2020-07-05 13:14:56 DEBUG headers:122 - http-outgoing-0 << HTTP/1.1 200 OK
2020-07-05 13:14:56 DEBUG headers:125 - http-outgoing-0 << Content-Length:103
2020-07-05 13:14:56 DEBUG headers:125 - http-outgoing-0 << Content-Type:application/json; charset=utf-8
2020-07-05 13:14:56 DEBUG MainClientExec:285 - Connection can be kept alive indefinitely
2020-07-05 13:14:56 DEBUG PoolingHttpClientConnectionManager:320 - Connection [id: 0][route: {}->http://localhost:2700] can be kept alive indefinitely
2020-07-05 13:14:56 DEBUG PoolingHttpClientConnectionManager:326 - Connection released: [id: 0][route: {}->http://localhost:2700][total kept alive: 1; route allocated: 1 of 2000; total allocated: 1 of 2000]
2020-07-05 13:14:56 DEBUG RequestAddCookies:123 - CookieSpec selected: default
2020-07-05 13:14:56 DEBUG RequestAuthCache:77 - Auth cache not set in the context
2020-07-05 13:14:56 DEBUG PoolingHttpClientConnectionManager:255 - Connection request: [route: {}->http://localhost:2700][total kept alive: 1; route allocated: 1 of 2000; total allocated: 1 of 2000]
2020-07-05 13:14:56 DEBUG PoolingHttpClientConnectionManager:288 - Connection leased: [id: 0][route: {}->http://localhost:2700][total kept alive: 0; route allocated: 1 of 2000; total allocated: 1 of 2000]
2020-07-05 13:14:56 DEBUG MainClientExec:208 - Stale connection check
2020-07-05 13:14:56 DEBUG wire:87 - http-outgoing-0 << "[read] I/O error: Read timed out"
2020-07-05 13:14:56 DEBUG DefaultManagedHttpClientConnection:88 - http-outgoing-0: set socket timeout to 10800000
2020-07-05 13:14:56 DEBUG MainClientExec:256 - Executing request POST /session/ce8f6817e7bd02e85d704d35f582d89e/element/0.36981204369963216-3/click HTTP/1.1
2020-07-05 13:14:56 DEBUG MainClientExec:261 - Target auth state: UNCHALLENGED
2020-07-05 13:14:56 DEBUG MainClientExec:267 - Proxy auth state: UNCHALLENGED
2020-07-05 13:14:56 DEBUG headers:133 - http-outgoing-0 >> POST /session/ce8f6817e7bd02e85d704d35f582d89e/element/0.36981204369963216-3/click HTTP/1.1
2020-07-05 13:14:56 DEBUG headers:136 - http-outgoing-0 >> Content-Type: application/json; charset=utf-8
2020-07-05 13:14:56 DEBUG headers:136 - http-outgoing-0 >> Content-Length: 30
2020-07-05 13:14:56 DEBUG headers:136 - http-outgoing-0 >> Host: localhost:2700
2020-07-05 13:14:56 DEBUG headers:136 - http-outgoing-0 >> Connection: Keep-Alive
2020-07-05 13:14:56 DEBUG headers:136 - http-outgoing-0 >> User-Agent: Apache-HttpClient/4.5.3 (Java/1.8.0_161)
2020-07-05 13:14:56 DEBUG headers:136 - http-outgoing-0 >> Accept-Encoding: gzip,deflate
2020-07-05 13:14:56 DEBUG wire:73 - http-outgoing-0 >> "POST /session/ce8f6817e7bd02e85d704d35f582d89e/element/0.36981204369963216-3/click HTTP/1.1[\r][\n]"
2020-07-05 13:14:56 DEBUG wire:73 - http-outgoing-0 >> "Content-Type: application/json; charset=utf-8[\r][\n]"
2020-07-05 13:14:56 DEBUG wire:73 - http-outgoing-0 >> "Content-Length: 30[\r][\n]"
2020-07-05 13:14:56 DEBUG wire:73 - http-outgoing-0 >> "Host: localhost:2700[\r][\n]"
2020-07-05 13:14:56 DEBUG wire:73 - http-outgoing-0 >> "Connection: Keep-Alive[\r][\n]"
2020-07-05 13:14:56 DEBUG wire:73 - http-outgoing-0 >> "User-Agent: Apache-HttpClient/4.5.3 (Java/1.8.0_161)[\r][\n]"
2020-07-05 13:14:56 DEBUG wire:73 - http-outgoing-0 >> "Accept-Encoding: gzip,deflate[\r][\n]"
2020-07-05 13:14:56 DEBUG wire:73 - http-outgoing-0 >> "[\r][\n]"
2020-07-05 13:14:56 DEBUG wire:87 - http-outgoing-0 >> "{"id":"0.36981204369963216-3"}"
2020-07-05 13:14:59 DEBUG wire:73 - http-outgoing-0 << "HTTP/1.1 200 OK[\r][\n]"
2020-07-05 13:14:59 DEBUG wire:73 - http-outgoing-0 << "Content-Length:72[\r][\n]"
2020-07-05 13:14:59 DEBUG wire:73 - http-outgoing-0 << "Content-Type:application/json; charset=utf-8[\r][\n]"
2020-07-05 13:14:59 DEBUG wire:73 - http-outgoing-0 << "[\r][\n]"
2020-07-05 13:14:59 DEBUG wire:87 - http-outgoing-0 << "{"sessionId":"ce8f6817e7bd02e85d704d35f582d89e","status":0,"value":null}"
2020-07-05 13:14:59 DEBUG headers:122 - http-outgoing-0 << HTTP/1.1 200 OK
2020-07-05 13:14:59 DEBUG headers:125 - http-outgoing-0 << Content-Length:72
2020-07-05 13:14:59 DEBUG headers:125 - http-outgoing-0 << Content-Type:application/json; charset=utf-8
2020-07-05 13:14:59 DEBUG MainClientExec:285 - Connection can be kept alive indefinitely
2020-07-05 13:14:59 DEBUG PoolingHttpClientConnectionManager:320 - Connection [id: 0][route: {}->http://localhost:2700] can be kept alive indefinitely
2020-07-05 13:14:59 DEBUG PoolingHttpClientConnectionManager:326 - Connection released: [id: 0][route: {}->http://localhost:2700][total kept alive: 1; route allocated: 1 of 2000; total allocated: 1 of 2000]
2020-07-05 13:15:01 INFO  SeleniumUtil:361 - Inside ValidateWebElementPresence method
2020-07-05 13:15:01 DEBUG RequestAddCookies:123 - CookieSpec selected: default
2020-07-05 13:15:01 DEBUG RequestAuthCache:77 - Auth cache not set in the context
2020-07-05 13:15:01 DEBUG PoolingHttpClientConnectionManager:255 - Connection request: [route: {}->http://localhost:2700][total kept alive: 1; route allocated: 1 of 2000; total allocated: 1 of 2000]
2020-07-05 13:15:01 DEBUG wire:87 - http-outgoing-0 << "[read] I/O error: Read timed out"
2020-07-05 13:15:01 DEBUG PoolingHttpClientConnectionManager:288 - Connection leased: [id: 0][route: {}->http://localhost:2700][total kept alive: 0; route allocated: 1 of 2000; total allocated: 1 of 2000]
2020-07-05 13:15:01 DEBUG MainClientExec:208 - Stale connection check
2020-07-05 13:15:01 DEBUG wire:87 - http-outgoing-0 << "[read] I/O error: Read timed out"
2020-07-05 13:15:01 DEBUG DefaultManagedHttpClientConnection:88 - http-outgoing-0: set socket timeout to 10800000
2020-07-05 13:15:01 DEBUG MainClientExec:256 - Executing request POST /session/ce8f6817e7bd02e85d704d35f582d89e/elements HTTP/1.1
2020-07-05 13:15:01 DEBUG MainClientExec:261 - Target auth state: UNCHALLENGED
2020-07-05 13:15:01 DEBUG MainClientExec:267 - Proxy auth state: UNCHALLENGED
2020-07-05 13:15:01 DEBUG headers:133 - http-outgoing-0 >> POST /session/ce8f6817e7bd02e85d704d35f582d89e/elements HTTP/1.1
2020-07-05 13:15:01 DEBUG headers:136 - http-outgoing-0 >> Content-Type: application/json; charset=utf-8
2020-07-05 13:15:01 DEBUG headers:136 - http-outgoing-0 >> Content-Length: 43
2020-07-05 13:15:01 DEBUG headers:136 - http-outgoing-0 >> Host: localhost:2700
2020-07-05 13:15:01 DEBUG headers:136 - http-outgoing-0 >> Connection: Keep-Alive
2020-07-05 13:15:01 DEBUG headers:136 - http-outgoing-0 >> User-Agent: Apache-HttpClient/4.5.3 (Java/1.8.0_161)
2020-07-05 13:15:01 DEBUG headers:136 - http-outgoing-0 >> Accept-Encoding: gzip,deflate
2020-07-05 13:15:01 DEBUG wire:73 - http-outgoing-0 >> "POST /session/ce8f6817e7bd02e85d704d35f582d89e/elements HTTP/1.1[\r][\n]"
2020-07-05 13:15:01 DEBUG wire:73 - http-outgoing-0 >> "Content-Type: application/json; charset=utf-8[\r][\n]"
2020-07-05 13:15:01 DEBUG wire:73 - http-outgoing-0 >> "Content-Length: 43[\r][\n]"
2020-07-05 13:15:01 DEBUG wire:73 - http-outgoing-0 >> "Host: localhost:2700[\r][\n]"
2020-07-05 13:15:01 DEBUG wire:73 - http-outgoing-0 >> "Connection: Keep-Alive[\r][\n]"
2020-07-05 13:15:01 DEBUG wire:73 - http-outgoing-0 >> "User-Agent: Apache-HttpClient/4.5.3 (Java/1.8.0_161)[\r][\n]"
2020-07-05 13:15:01 DEBUG wire:73 - http-outgoing-0 >> "Accept-Encoding: gzip,deflate[\r][\n]"
2020-07-05 13:15:01 DEBUG wire:73 - http-outgoing-0 >> "[\r][\n]"
2020-07-05 13:15:01 DEBUG wire:87 - http-outgoing-0 >> "{"using":"css selector","value":"a.logout"}"
2020-07-05 13:15:01 DEBUG wire:73 - http-outgoing-0 << "HTTP/1.1 200 OK[\r][\n]"
2020-07-05 13:15:01 DEBUG wire:73 - http-outgoing-0 << "Content-Length:103[\r][\n]"
2020-07-05 13:15:01 DEBUG wire:73 - http-outgoing-0 << "Content-Type:application/json; charset=utf-8[\r][\n]"
2020-07-05 13:15:01 DEBUG wire:73 - http-outgoing-0 << "[\r][\n]"
2020-07-05 13:15:01 DEBUG wire:87 - http-outgoing-0 << "{"sessionId":"ce8f6817e7bd02e85d704d35f582d89e","status":0,"value":[{"ELEMENT":"0.166866921938142-1"}]}"
2020-07-05 13:15:01 DEBUG headers:122 - http-outgoing-0 << HTTP/1.1 200 OK
2020-07-05 13:15:01 DEBUG headers:125 - http-outgoing-0 << Content-Length:103
2020-07-05 13:15:01 DEBUG headers:125 - http-outgoing-0 << Content-Type:application/json; charset=utf-8
2020-07-05 13:15:01 DEBUG MainClientExec:285 - Connection can be kept alive indefinitely
2020-07-05 13:15:01 DEBUG PoolingHttpClientConnectionManager:320 - Connection [id: 0][route: {}->http://localhost:2700] can be kept alive indefinitely
2020-07-05 13:15:01 DEBUG PoolingHttpClientConnectionManager:326 - Connection released: [id: 0][route: {}->http://localhost:2700][total kept alive: 1; route allocated: 1 of 2000; total allocated: 1 of 2000]
2020-07-05 13:15:01 INFO  SeleniumUtil:373 - #########Element is present: By.cssSelector: a.logout
2020-07-05 13:15:01 DEBUG GlobalStepDefinition:126 - ############  LOGIN SUCCESSFUL for user -   ########################--callnirajgupta@gmail.com
2020-07-05 13:15:01 INFO  SeleniumUtil:275 - ############################# Inside CloseBrowser #############################
2020-07-05 13:15:01 DEBUG RequestAddCookies:123 - CookieSpec selected: default
2020-07-05 13:15:01 DEBUG RequestAuthCache:77 - Auth cache not set in the context
2020-07-05 13:15:01 DEBUG PoolingHttpClientConnectionManager:255 - Connection request: [route: {}->http://localhost:2700][total kept alive: 1; route allocated: 1 of 2000; total allocated: 1 of 2000]
2020-07-05 13:15:01 DEBUG PoolingHttpClientConnectionManager:288 - Connection leased: [id: 0][route: {}->http://localhost:2700][total kept alive: 0; route allocated: 1 of 2000; total allocated: 1 of 2000]
2020-07-05 13:15:01 DEBUG MainClientExec:208 - Stale connection check
2020-07-05 13:15:01 DEBUG wire:87 - http-outgoing-0 << "[read] I/O error: Read timed out"
2020-07-05 13:15:01 DEBUG DefaultManagedHttpClientConnection:88 - http-outgoing-0: set socket timeout to 10800000
2020-07-05 13:15:01 DEBUG MainClientExec:256 - Executing request DELETE /session/ce8f6817e7bd02e85d704d35f582d89e/window HTTP/1.1
2020-07-05 13:15:01 DEBUG MainClientExec:261 - Target auth state: UNCHALLENGED
2020-07-05 13:15:01 DEBUG MainClientExec:267 - Proxy auth state: UNCHALLENGED
2020-07-05 13:15:01 DEBUG headers:133 - http-outgoing-0 >> DELETE /session/ce8f6817e7bd02e85d704d35f582d89e/window HTTP/1.1
2020-07-05 13:15:01 DEBUG headers:136 - http-outgoing-0 >> Host: localhost:2700
2020-07-05 13:15:01 DEBUG headers:136 - http-outgoing-0 >> Connection: Keep-Alive
2020-07-05 13:15:01 DEBUG headers:136 - http-outgoing-0 >> User-Agent: Apache-HttpClient/4.5.3 (Java/1.8.0_161)
2020-07-05 13:15:01 DEBUG headers:136 - http-outgoing-0 >> Accept-Encoding: gzip,deflate
2020-07-05 13:15:01 DEBUG wire:73 - http-outgoing-0 >> "DELETE /session/ce8f6817e7bd02e85d704d35f582d89e/window HTTP/1.1[\r][\n]"
2020-07-05 13:15:01 DEBUG wire:73 - http-outgoing-0 >> "Host: localhost:2700[\r][\n]"
2020-07-05 13:15:01 DEBUG wire:73 - http-outgoing-0 >> "Connection: Keep-Alive[\r][\n]"
2020-07-05 13:15:01 DEBUG wire:73 - http-outgoing-0 >> "User-Agent: Apache-HttpClient/4.5.3 (Java/1.8.0_161)[\r][\n]"
2020-07-05 13:15:01 DEBUG wire:73 - http-outgoing-0 >> "Accept-Encoding: gzip,deflate[\r][\n]"
2020-07-05 13:15:01 DEBUG wire:73 - http-outgoing-0 >> "[\r][\n]"
2020-07-05 13:15:01 DEBUG wire:73 - http-outgoing-0 << "HTTP/1.1 200 OK[\r][\n]"
2020-07-05 13:15:01 DEBUG wire:73 - http-outgoing-0 << "Content-Length:72[\r][\n]"
2020-07-05 13:15:01 DEBUG wire:73 - http-outgoing-0 << "Content-Type:application/json; charset=utf-8[\r][\n]"
2020-07-05 13:15:01 DEBUG wire:73 - http-outgoing-0 << "[\r][\n]"
2020-07-05 13:15:01 DEBUG wire:87 - http-outgoing-0 << "{"sessionId":"ce8f6817e7bd02e85d704d35f582d89e","status":0,"value":null}"
2020-07-05 13:15:01 DEBUG headers:122 - http-outgoing-0 << HTTP/1.1 200 OK
2020-07-05 13:15:01 DEBUG headers:125 - http-outgoing-0 << Content-Length:72
2020-07-05 13:15:01 DEBUG headers:125 - http-outgoing-0 << Content-Type:application/json; charset=utf-8
2020-07-05 13:15:01 DEBUG MainClientExec:285 - Connection can be kept alive indefinitely
2020-07-05 13:15:01 DEBUG PoolingHttpClientConnectionManager:320 - Connection [id: 0][route: {}->http://localhost:2700] can be kept alive indefinitely
2020-07-05 13:15:01 DEBUG PoolingHttpClientConnectionManager:326 - Connection released: [id: 0][route: {}->http://localhost:2700][total kept alive: 1; route allocated: 1 of 2000; total allocated: 1 of 2000]
2020-07-05 13:15:01 DEBUG SeleniumUtil:278 - ###################   Closed Browser #############################
