2019-01-13 23:13:58 INFO  GlobalStepDefinition:110 - user admin@p.com is logged into the applicationorg.apache.log4j.Logger
2019-01-13 23:13:58 INFO  CommonUtil:43 - ############  INSIDE LOGIN ########################
2019-01-13 23:13:58 DEBUG RequestAddCookies:123 - CookieSpec selected: default
2019-01-13 23:13:58 DEBUG RequestAuthCache:77 - Auth cache not set in the context
2019-01-13 23:13:58 DEBUG PoolingHttpClientConnectionManager:255 - Connection request: [route: {}->http://localhost:18143][total kept alive: 0; route allocated: 0 of 2000; total allocated: 0 of 2000]
2019-01-13 23:13:59 DEBUG PoolingHttpClientConnectionManager:288 - Connection leased: [id: 0][route: {}->http://localhost:18143][total kept alive: 0; route allocated: 1 of 2000; total allocated: 1 of 2000]
2019-01-13 23:13:59 DEBUG MainClientExec:235 - Opening connection {}->http://localhost:18143
2019-01-13 23:13:59 DEBUG DefaultHttpClientConnectionOperator:139 - Connecting to localhost/127.0.0.1:18143
2019-01-13 23:13:59 DEBUG DefaultHttpClientConnectionOperator:146 - Connection established 127.0.0.1:49954<->127.0.0.1:18143
2019-01-13 23:13:59 DEBUG DefaultManagedHttpClientConnection:88 - http-outgoing-0: set socket timeout to 10800000
2019-01-13 23:13:59 DEBUG MainClientExec:256 - Executing request POST /session HTTP/1.1
2019-01-13 23:13:59 DEBUG MainClientExec:261 - Target auth state: UNCHALLENGED
2019-01-13 23:13:59 DEBUG MainClientExec:267 - Proxy auth state: UNCHALLENGED
2019-01-13 23:13:59 DEBUG headers:133 - http-outgoing-0 >> POST /session HTTP/1.1
2019-01-13 23:13:59 DEBUG headers:136 - http-outgoing-0 >> Content-Type: application/json; charset=utf-8
2019-01-13 23:13:59 DEBUG headers:136 - http-outgoing-0 >> Content-Length: 335
2019-01-13 23:13:59 DEBUG headers:136 - http-outgoing-0 >> Host: localhost:18143
2019-01-13 23:13:59 DEBUG headers:136 - http-outgoing-0 >> Connection: Keep-Alive
2019-01-13 23:13:59 DEBUG headers:136 - http-outgoing-0 >> User-Agent: Apache-HttpClient/4.5.3 (Java/1.8.0_161)
2019-01-13 23:13:59 DEBUG headers:136 - http-outgoing-0 >> Accept-Encoding: gzip,deflate
2019-01-13 23:13:59 DEBUG wire:73 - http-outgoing-0 >> "POST /session HTTP/1.1[\r][\n]"
2019-01-13 23:13:59 DEBUG wire:73 - http-outgoing-0 >> "Content-Type: application/json; charset=utf-8[\r][\n]"
2019-01-13 23:13:59 DEBUG wire:73 - http-outgoing-0 >> "Content-Length: 335[\r][\n]"
2019-01-13 23:13:59 DEBUG wire:73 - http-outgoing-0 >> "Host: localhost:18143[\r][\n]"
2019-01-13 23:13:59 DEBUG wire:73 - http-outgoing-0 >> "Connection: Keep-Alive[\r][\n]"
2019-01-13 23:13:59 DEBUG wire:73 - http-outgoing-0 >> "User-Agent: Apache-HttpClient/4.5.3 (Java/1.8.0_161)[\r][\n]"
2019-01-13 23:13:59 DEBUG wire:73 - http-outgoing-0 >> "Accept-Encoding: gzip,deflate[\r][\n]"
2019-01-13 23:13:59 DEBUG wire:73 - http-outgoing-0 >> "[\r][\n]"
2019-01-13 23:13:59 DEBUG wire:73 - http-outgoing-0 >> "{[\n]"
2019-01-13 23:13:59 DEBUG wire:73 - http-outgoing-0 >> "  "desiredCapabilities": {"browserName":"chrome","goog:chromeOptions":{"args":[],"extensions":[]}},[\n]"
2019-01-13 23:13:59 DEBUG wire:73 - http-outgoing-0 >> "  "capabilities": {[\n]"
2019-01-13 23:13:59 DEBUG wire:73 - http-outgoing-0 >> "    "desiredCapabilities": {"browserName":"chrome","goog:chromeOptions":{"args":[],"extensions":[]}},[\n]"
2019-01-13 23:13:59 DEBUG wire:73 - http-outgoing-0 >> "    "firstMatch": [[\n]"
2019-01-13 23:13:59 DEBUG wire:73 - http-outgoing-0 >> "      {"browserName":"chrome","goog:chromeOptions":{"args":[],"extensions":[]}}[\n]"
2019-01-13 23:13:59 DEBUG wire:73 - http-outgoing-0 >> "    ][\n]"
2019-01-13 23:13:59 DEBUG wire:73 - http-outgoing-0 >> "  }[\n]"
2019-01-13 23:13:59 DEBUG wire:87 - http-outgoing-0 >> "}"
2019-01-13 23:14:00 DEBUG wire:73 - http-outgoing-0 << "HTTP/1.1 200 OK[\r][\n]"
2019-01-13 23:14:00 DEBUG wire:73 - http-outgoing-0 << "Content-Length:824[\r][\n]"
2019-01-13 23:14:00 DEBUG wire:73 - http-outgoing-0 << "Content-Type:application/json; charset=utf-8[\r][\n]"
2019-01-13 23:14:00 DEBUG wire:73 - http-outgoing-0 << "[\r][\n]"
2019-01-13 23:14:00 DEBUG wire:87 - http-outgoing-0 << "{"sessionId":"51da459c306cb08cf84351da4638014a","status":0,"value":{"acceptInsecureCerts":false,"acceptSslCerts":false,"applicationCacheEnabled":false,"browserConnectionEnabled":false,"browserName":"chrome","chrome":{"chromedriverVersion":"2.35.528161 (5b82f2d2aae0ca24b877009200ced9065a772e73)","userDataDir":"C:\\Users\\sai\\AppData\\Local\\Temp\\scoped_dir4404_481"},"cssSelectorsEnabled":true,"databaseEnabled":false,"handlesAlerts":true,"hasTouchScreen":false,"javascriptEnabled":true,"locationContextEnabled":true,"mobileEmulationEnabled":false,"nativeEvents":true,"networkConnectionEnabled":false,"pageLoadStrategy":"normal","platform":"Windows NT","rotatable":false,"setWindowRect":true,"takesHeapSnapshot":true,"takesScreenshot":true,"unexpectedAlertBehaviour":"","version":"71.0.3578.98","webStorageEnabled":true}}"
2019-01-13 23:14:00 DEBUG headers:122 - http-outgoing-0 << HTTP/1.1 200 OK
2019-01-13 23:14:00 DEBUG headers:125 - http-outgoing-0 << Content-Length:824
2019-01-13 23:14:00 DEBUG headers:125 - http-outgoing-0 << Content-Type:application/json; charset=utf-8
2019-01-13 23:14:00 DEBUG MainClientExec:285 - Connection can be kept alive indefinitely
2019-01-13 23:14:00 DEBUG PoolingHttpClientConnectionManager:320 - Connection [id: 0][route: {}->http://localhost:18143] can be kept alive indefinitely
2019-01-13 23:14:00 DEBUG PoolingHttpClientConnectionManager:326 - Connection released: [id: 0][route: {}->http://localhost:18143][total kept alive: 1; route allocated: 1 of 2000; total allocated: 1 of 2000]
2019-01-13 23:14:00 DEBUG RequestAddCookies:123 - CookieSpec selected: default
2019-01-13 23:14:00 DEBUG RequestAuthCache:77 - Auth cache not set in the context
2019-01-13 23:14:00 DEBUG PoolingHttpClientConnectionManager:255 - Connection request: [route: {}->http://localhost:18143][total kept alive: 1; route allocated: 1 of 2000; total allocated: 1 of 2000]
2019-01-13 23:14:00 DEBUG PoolingHttpClientConnectionManager:288 - Connection leased: [id: 0][route: {}->http://localhost:18143][total kept alive: 0; route allocated: 1 of 2000; total allocated: 1 of 2000]
2019-01-13 23:14:00 DEBUG MainClientExec:208 - Stale connection check
2019-01-13 23:14:00 DEBUG wire:87 - http-outgoing-0 << "[read] I/O error: Read timed out"
2019-01-13 23:14:00 DEBUG DefaultManagedHttpClientConnection:88 - http-outgoing-0: set socket timeout to 10800000
2019-01-13 23:14:00 DEBUG MainClientExec:256 - Executing request POST /session/51da459c306cb08cf84351da4638014a/window/current/maximize HTTP/1.1
2019-01-13 23:14:00 DEBUG MainClientExec:261 - Target auth state: UNCHALLENGED
2019-01-13 23:14:00 DEBUG MainClientExec:267 - Proxy auth state: UNCHALLENGED
2019-01-13 23:14:00 DEBUG headers:133 - http-outgoing-0 >> POST /session/51da459c306cb08cf84351da4638014a/window/current/maximize HTTP/1.1
2019-01-13 23:14:00 DEBUG headers:136 - http-outgoing-0 >> Content-Type: application/json; charset=utf-8
2019-01-13 23:14:00 DEBUG headers:136 - http-outgoing-0 >> Content-Length: 45
2019-01-13 23:14:00 DEBUG headers:136 - http-outgoing-0 >> Host: localhost:18143
2019-01-13 23:14:00 DEBUG headers:136 - http-outgoing-0 >> Connection: Keep-Alive
2019-01-13 23:14:00 DEBUG headers:136 - http-outgoing-0 >> User-Agent: Apache-HttpClient/4.5.3 (Java/1.8.0_161)
2019-01-13 23:14:00 DEBUG headers:136 - http-outgoing-0 >> Accept-Encoding: gzip,deflate
2019-01-13 23:14:00 DEBUG wire:73 - http-outgoing-0 >> "POST /session/51da459c306cb08cf84351da4638014a/window/current/maximize HTTP/1.1[\r][\n]"
2019-01-13 23:14:00 DEBUG wire:73 - http-outgoing-0 >> "Content-Type: application/json; charset=utf-8[\r][\n]"
2019-01-13 23:14:00 DEBUG wire:73 - http-outgoing-0 >> "Content-Length: 45[\r][\n]"
2019-01-13 23:14:00 DEBUG wire:73 - http-outgoing-0 >> "Host: localhost:18143[\r][\n]"
2019-01-13 23:14:00 DEBUG wire:73 - http-outgoing-0 >> "Connection: Keep-Alive[\r][\n]"
2019-01-13 23:14:00 DEBUG wire:73 - http-outgoing-0 >> "User-Agent: Apache-HttpClient/4.5.3 (Java/1.8.0_161)[\r][\n]"
2019-01-13 23:14:00 DEBUG wire:73 - http-outgoing-0 >> "Accept-Encoding: gzip,deflate[\r][\n]"
2019-01-13 23:14:00 DEBUG wire:73 - http-outgoing-0 >> "[\r][\n]"
2019-01-13 23:14:00 DEBUG wire:87 - http-outgoing-0 >> "{"windowHandle":"current","handle":"current"}"
