2020-07-11 17:37:35 INFO  CommonUtil:45 - ############  INSIDE LOGIN ########################
2020-07-11 17:37:36 DEBUG RequestAddCookies:123 - CookieSpec selected: default
2020-07-11 17:37:36 DEBUG RequestAuthCache:77 - Auth cache not set in the context
2020-07-11 17:37:36 DEBUG PoolingHttpClientConnectionManager:255 - Connection request: [route: {}->http://192.168.0.8:4444][total kept alive: 0; route allocated: 0 of 2000; total allocated: 0 of 2000]
2020-07-11 17:37:36 DEBUG PoolingHttpClientConnectionManager:288 - Connection leased: [id: 0][route: {}->http://192.168.0.8:4444][total kept alive: 0; route allocated: 1 of 2000; total allocated: 1 of 2000]
2020-07-11 17:37:36 DEBUG MainClientExec:235 - Opening connection {}->http://192.168.0.8:4444
2020-07-11 17:37:36 DEBUG DefaultHttpClientConnectionOperator:139 - Connecting to /192.168.0.8:4444
2020-07-11 17:37:36 DEBUG DefaultHttpClientConnectionOperator:146 - Connection established 192.168.0.8:50799<->192.168.0.8:4444
2020-07-11 17:37:36 DEBUG DefaultManagedHttpClientConnection:88 - http-outgoing-0: set socket timeout to 10800000
2020-07-11 17:37:36 DEBUG MainClientExec:256 - Executing request POST /wd/hub/session HTTP/1.1
2020-07-11 17:37:36 DEBUG MainClientExec:261 - Target auth state: UNCHALLENGED
2020-07-11 17:37:36 DEBUG MainClientExec:267 - Proxy auth state: UNCHALLENGED
2020-07-11 17:37:36 DEBUG headers:133 - http-outgoing-0 >> POST /wd/hub/session HTTP/1.1
2020-07-11 17:37:36 DEBUG headers:136 - http-outgoing-0 >> Content-Type: application/json; charset=utf-8
2020-07-11 17:37:36 DEBUG headers:136 - http-outgoing-0 >> Content-Length: 335
2020-07-11 17:37:36 DEBUG headers:136 - http-outgoing-0 >> Host: 192.168.0.8:4444
2020-07-11 17:37:36 DEBUG headers:136 - http-outgoing-0 >> Connection: Keep-Alive
2020-07-11 17:37:36 DEBUG headers:136 - http-outgoing-0 >> User-Agent: Apache-HttpClient/4.5.3 (Java/1.8.0_161)
2020-07-11 17:37:36 DEBUG headers:136 - http-outgoing-0 >> Accept-Encoding: gzip,deflate
2020-07-11 17:37:36 DEBUG wire:73 - http-outgoing-0 >> "POST /wd/hub/session HTTP/1.1[\r][\n]"
2020-07-11 17:37:36 DEBUG wire:73 - http-outgoing-0 >> "Content-Type: application/json; charset=utf-8[\r][\n]"
2020-07-11 17:37:36 DEBUG wire:73 - http-outgoing-0 >> "Content-Length: 335[\r][\n]"
2020-07-11 17:37:36 DEBUG wire:73 - http-outgoing-0 >> "Host: 192.168.0.8:4444[\r][\n]"
2020-07-11 17:37:36 DEBUG wire:73 - http-outgoing-0 >> "Connection: Keep-Alive[\r][\n]"
2020-07-11 17:37:36 DEBUG wire:73 - http-outgoing-0 >> "User-Agent: Apache-HttpClient/4.5.3 (Java/1.8.0_161)[\r][\n]"
2020-07-11 17:37:36 DEBUG wire:73 - http-outgoing-0 >> "Accept-Encoding: gzip,deflate[\r][\n]"
2020-07-11 17:37:36 DEBUG wire:73 - http-outgoing-0 >> "[\r][\n]"
2020-07-11 17:37:36 DEBUG wire:73 - http-outgoing-0 >> "{[\n]"
2020-07-11 17:37:36 DEBUG wire:73 - http-outgoing-0 >> "  "desiredCapabilities": {"browserName":"chrome","goog:chromeOptions":{"args":[],"extensions":[]}},[\n]"
2020-07-11 17:37:36 DEBUG wire:73 - http-outgoing-0 >> "  "capabilities": {[\n]"
2020-07-11 17:37:36 DEBUG wire:73 - http-outgoing-0 >> "    "desiredCapabilities": {"browserName":"chrome","goog:chromeOptions":{"args":[],"extensions":[]}},[\n]"
2020-07-11 17:37:36 DEBUG wire:73 - http-outgoing-0 >> "    "firstMatch": [[\n]"
2020-07-11 17:37:36 DEBUG wire:73 - http-outgoing-0 >> "      {"browserName":"chrome","goog:chromeOptions":{"args":[],"extensions":[]}}[\n]"
2020-07-11 17:37:36 DEBUG wire:73 - http-outgoing-0 >> "    ][\n]"
2020-07-11 17:37:36 DEBUG wire:73 - http-outgoing-0 >> "  }[\n]"
2020-07-11 17:37:36 DEBUG wire:87 - http-outgoing-0 >> "}"
2020-07-11 17:37:39 DEBUG wire:73 - http-outgoing-0 << "HTTP/1.1 200 OK[\r][\n]"
2020-07-11 17:37:39 DEBUG wire:73 - http-outgoing-0 << "Date: Sat, 11 Jul 2020 12:07:37 GMT[\r][\n]"
2020-07-11 17:37:39 DEBUG wire:73 - http-outgoing-0 << "Server: Jetty(9.4.z-SNAPSHOT)[\r][\n]"
2020-07-11 17:37:39 DEBUG wire:73 - http-outgoing-0 << "Cache-Control: no-cache[\r][\n]"
2020-07-11 17:37:39 DEBUG wire:73 - http-outgoing-0 << "Expires: Thu, 01 Jan 1970 00:00:00 GMT[\r][\n]"
2020-07-11 17:37:39 DEBUG wire:73 - http-outgoing-0 << "Content-Type: application/json;charset=utf-8[\r][\n]"
2020-07-11 17:37:39 DEBUG wire:73 - http-outgoing-0 << "Content-Length: 996[\r][\n]"
2020-07-11 17:37:39 DEBUG wire:73 - http-outgoing-0 << "[\r][\n]"
2020-07-11 17:37:39 DEBUG wire:73 - http-outgoing-0 << "{[\n]"
2020-07-11 17:37:39 DEBUG wire:73 - http-outgoing-0 << "  "value": {[\n]"
2020-07-11 17:37:39 DEBUG wire:73 - http-outgoing-0 << "    "sessionId": "6dd8faacff01245c6a1176d10a5d318c",[\n]"
2020-07-11 17:37:39 DEBUG wire:73 - http-outgoing-0 << "    "capabilities": {[\n]"
2020-07-11 17:37:39 DEBUG wire:73 - http-outgoing-0 << "      "acceptInsecureCerts": false,[\n]"
2020-07-11 17:37:39 DEBUG wire:73 - http-outgoing-0 << "      "browserName": "chrome",[\n]"
2020-07-11 17:37:39 DEBUG wire:73 - http-outgoing-0 << "      "browserVersion": "83.0.4103.61",[\n]"
2020-07-11 17:37:39 DEBUG wire:73 - http-outgoing-0 << "      "chrome": {[\n]"
2020-07-11 17:37:39 DEBUG wire:73 - http-outgoing-0 << "        "chromedriverVersion": "83.0.4103.39 (ccbf011cb2d2b19b506d844400483861342c20cd-refs\u002fbranch-heads\u002f4103@{#416})",[\n]"
2020-07-11 17:37:39 DEBUG wire:73 - http-outgoing-0 << "        "userDataDir": "\u002ftmp\u002f.com.google.Chrome.ilulIz"[\n]"
2020-07-11 17:37:39 DEBUG wire:73 - http-outgoing-0 << "      },[\n]"
2020-07-11 17:37:39 DEBUG wire:73 - http-outgoing-0 << "      "goog:chromeOptions": {[\n]"
2020-07-11 17:37:39 DEBUG wire:73 - http-outgoing-0 << "        "debuggerAddress": "localhost:40039"[\n]"
2020-07-11 17:37:39 DEBUG wire:73 - http-outgoing-0 << "      },[\n]"
2020-07-11 17:37:39 DEBUG wire:73 - http-outgoing-0 << "      "networkConnectionEnabled": false,[\n]"
2020-07-11 17:37:39 DEBUG wire:73 - http-outgoing-0 << "      "pageLoadStrategy": "normal",[\n]"
2020-07-11 17:37:39 DEBUG wire:73 - http-outgoing-0 << "      "platformName": "linux",[\n]"
2020-07-11 17:37:39 DEBUG wire:73 - http-outgoing-0 << "      "proxy": {[\n]"
2020-07-11 17:37:39 DEBUG wire:73 - http-outgoing-0 << "      },[\n]"
2020-07-11 17:37:39 DEBUG wire:73 - http-outgoing-0 << "      "setWindowRect": true,[\n]"
2020-07-11 17:37:39 DEBUG wire:73 - http-outgoing-0 << "      "strictFileInteractability": false,[\n]"
2020-07-11 17:37:39 DEBUG wire:73 - http-outgoing-0 << "      "timeouts": {[\n]"
2020-07-11 17:37:39 DEBUG wire:73 - http-outgoing-0 << "        "implicit": 0,[\n]"
2020-07-11 17:37:39 DEBUG wire:73 - http-outgoing-0 << "        "pageLoad": 300000,[\n]"
2020-07-11 17:37:39 DEBUG wire:73 - http-outgoing-0 << "        "script": 30000[\n]"
2020-07-11 17:37:39 DEBUG wire:73 - http-outgoing-0 << "      },[\n]"
2020-07-11 17:37:39 DEBUG wire:73 - http-outgoing-0 << "      "unhandledPromptBehavior": "dismiss and notify",[\n]"
2020-07-11 17:37:39 DEBUG wire:73 - http-outgoing-0 << "      "webauthn:virtualAuthenticators": true,[\n]"
2020-07-11 17:37:39 DEBUG wire:73 - http-outgoing-0 << "      "webdriver.remote.sessionid": "6dd8faacff01245c6a1176d10a5d318c"[\n]"
2020-07-11 17:37:39 DEBUG wire:73 - http-outgoing-0 << "    }[\n]"
2020-07-11 17:37:39 DEBUG wire:73 - http-outgoing-0 << "  }[\n]"
2020-07-11 17:37:39 DEBUG wire:87 - http-outgoing-0 << "}"
2020-07-11 17:37:39 DEBUG headers:122 - http-outgoing-0 << HTTP/1.1 200 OK
2020-07-11 17:37:39 DEBUG headers:125 - http-outgoing-0 << Date: Sat, 11 Jul 2020 12:07:37 GMT
2020-07-11 17:37:39 DEBUG headers:125 - http-outgoing-0 << Server: Jetty(9.4.z-SNAPSHOT)
2020-07-11 17:37:39 DEBUG headers:125 - http-outgoing-0 << Cache-Control: no-cache
2020-07-11 17:37:39 DEBUG headers:125 - http-outgoing-0 << Expires: Thu, 01 Jan 1970 00:00:00 GMT
2020-07-11 17:37:39 DEBUG headers:125 - http-outgoing-0 << Content-Type: application/json;charset=utf-8
2020-07-11 17:37:39 DEBUG headers:125 - http-outgoing-0 << Content-Length: 996
2020-07-11 17:37:39 DEBUG MainClientExec:285 - Connection can be kept alive indefinitely
2020-07-11 17:37:39 DEBUG PoolingHttpClientConnectionManager:320 - Connection [id: 0][route: {}->http://192.168.0.8:4444] can be kept alive indefinitely
2020-07-11 17:37:39 DEBUG PoolingHttpClientConnectionManager:326 - Connection released: [id: 0][route: {}->http://192.168.0.8:4444][total kept alive: 1; route allocated: 1 of 2000; total allocated: 1 of 2000]
2020-07-11 17:37:39 DEBUG RequestAddCookies:123 - CookieSpec selected: default
2020-07-11 17:37:39 DEBUG RequestAuthCache:77 - Auth cache not set in the context
2020-07-11 17:37:39 DEBUG PoolingHttpClientConnectionManager:255 - Connection request: [route: {}->http://192.168.0.8:4444][total kept alive: 1; route allocated: 1 of 2000; total allocated: 1 of 2000]
2020-07-11 17:37:39 DEBUG PoolingHttpClientConnectionManager:288 - Connection leased: [id: 0][route: {}->http://192.168.0.8:4444][total kept alive: 0; route allocated: 1 of 2000; total allocated: 1 of 2000]
2020-07-11 17:37:39 DEBUG MainClientExec:208 - Stale connection check
2020-07-11 17:37:39 DEBUG wire:87 - http-outgoing-0 << "[read] I/O error: Read timed out"
2020-07-11 17:37:39 DEBUG DefaultManagedHttpClientConnection:88 - http-outgoing-0: set socket timeout to 10800000
2020-07-11 17:37:39 DEBUG MainClientExec:256 - Executing request POST /wd/hub/session/6dd8faacff01245c6a1176d10a5d318c/window/maximize HTTP/1.1
2020-07-11 17:37:39 DEBUG MainClientExec:261 - Target auth state: UNCHALLENGED
2020-07-11 17:37:39 DEBUG MainClientExec:267 - Proxy auth state: UNCHALLENGED
2020-07-11 17:37:39 DEBUG headers:133 - http-outgoing-0 >> POST /wd/hub/session/6dd8faacff01245c6a1176d10a5d318c/window/maximize HTTP/1.1
2020-07-11 17:37:39 DEBUG headers:136 - http-outgoing-0 >> Content-Type: application/json; charset=utf-8
2020-07-11 17:37:39 DEBUG headers:136 - http-outgoing-0 >> Content-Length: 2
2020-07-11 17:37:39 DEBUG headers:136 - http-outgoing-0 >> Host: 192.168.0.8:4444
2020-07-11 17:37:39 DEBUG headers:136 - http-outgoing-0 >> Connection: Keep-Alive
2020-07-11 17:37:39 DEBUG headers:136 - http-outgoing-0 >> User-Agent: Apache-HttpClient/4.5.3 (Java/1.8.0_161)
2020-07-11 17:37:39 DEBUG headers:136 - http-outgoing-0 >> Accept-Encoding: gzip,deflate
2020-07-11 17:37:39 DEBUG wire:73 - http-outgoing-0 >> "POST /wd/hub/session/6dd8faacff01245c6a1176d10a5d318c/window/maximize HTTP/1.1[\r][\n]"
2020-07-11 17:37:39 DEBUG wire:73 - http-outgoing-0 >> "Content-Type: application/json; charset=utf-8[\r][\n]"
2020-07-11 17:37:39 DEBUG wire:73 - http-outgoing-0 >> "Content-Length: 2[\r][\n]"
2020-07-11 17:37:39 DEBUG wire:73 - http-outgoing-0 >> "Host: 192.168.0.8:4444[\r][\n]"
2020-07-11 17:37:39 DEBUG wire:73 - http-outgoing-0 >> "Connection: Keep-Alive[\r][\n]"
2020-07-11 17:37:39 DEBUG wire:73 - http-outgoing-0 >> "User-Agent: Apache-HttpClient/4.5.3 (Java/1.8.0_161)[\r][\n]"
2020-07-11 17:37:39 DEBUG wire:73 - http-outgoing-0 >> "Accept-Encoding: gzip,deflate[\r][\n]"
2020-07-11 17:37:39 DEBUG wire:73 - http-outgoing-0 >> "[\r][\n]"
2020-07-11 17:37:39 DEBUG wire:87 - http-outgoing-0 >> "{}"
2020-07-11 17:37:39 DEBUG wire:73 - http-outgoing-0 << "HTTP/1.1 200 OK[\r][\n]"
2020-07-11 17:37:39 DEBUG wire:73 - http-outgoing-0 << "Date: Sat, 11 Jul 2020 12:07:39 GMT[\r][\n]"
2020-07-11 17:37:39 DEBUG wire:73 - http-outgoing-0 << "Server: Jetty(9.4.z-SNAPSHOT)[\r][\n]"
2020-07-11 17:37:39 DEBUG wire:73 - http-outgoing-0 << "Cache-Control: no-cache[\r][\n]"
2020-07-11 17:37:39 DEBUG wire:73 - http-outgoing-0 << "Expires: Thu, 01 Jan 1970 00:00:00 GMT[\r][\n]"
2020-07-11 17:37:39 DEBUG wire:73 - http-outgoing-0 << "Content-Type: application/json;charset=utf-8[\r][\n]"
2020-07-11 17:37:39 DEBUG wire:73 - http-outgoing-0 << "Content-Length: 49[\r][\n]"
2020-07-11 17:37:39 DEBUG wire:73 - http-outgoing-0 << "[\r][\n]"
2020-07-11 17:37:39 DEBUG wire:87 - http-outgoing-0 << "{"value":{"height":998,"width":1360,"x":0,"y":0}}"
2020-07-11 17:37:39 DEBUG headers:122 - http-outgoing-0 << HTTP/1.1 200 OK
2020-07-11 17:37:39 DEBUG headers:125 - http-outgoing-0 << Date: Sat, 11 Jul 2020 12:07:39 GMT
2020-07-11 17:37:39 DEBUG headers:125 - http-outgoing-0 << Server: Jetty(9.4.z-SNAPSHOT)
2020-07-11 17:37:39 DEBUG headers:125 - http-outgoing-0 << Cache-Control: no-cache
2020-07-11 17:37:39 DEBUG headers:125 - http-outgoing-0 << Expires: Thu, 01 Jan 1970 00:00:00 GMT
2020-07-11 17:37:39 DEBUG headers:125 - http-outgoing-0 << Content-Type: application/json;charset=utf-8
2020-07-11 17:37:39 DEBUG headers:125 - http-outgoing-0 << Content-Length: 49
2020-07-11 17:37:39 DEBUG MainClientExec:285 - Connection can be kept alive indefinitely
2020-07-11 17:37:39 DEBUG PoolingHttpClientConnectionManager:320 - Connection [id: 0][route: {}->http://192.168.0.8:4444] can be kept alive indefinitely
2020-07-11 17:37:39 DEBUG PoolingHttpClientConnectionManager:326 - Connection released: [id: 0][route: {}->http://192.168.0.8:4444][total kept alive: 1; route allocated: 1 of 2000; total allocated: 1 of 2000]
2020-07-11 17:37:39 INFO  SeleniumUtil:299 -  print the sysc time 10
2020-07-11 17:37:39 DEBUG RequestAddCookies:123 - CookieSpec selected: default
2020-07-11 17:37:39 DEBUG RequestAuthCache:77 - Auth cache not set in the context
2020-07-11 17:37:39 DEBUG PoolingHttpClientConnectionManager:255 - Connection request: [route: {}->http://192.168.0.8:4444][total kept alive: 1; route allocated: 1 of 2000; total allocated: 1 of 2000]
2020-07-11 17:37:39 DEBUG PoolingHttpClientConnectionManager:288 - Connection leased: [id: 0][route: {}->http://192.168.0.8:4444][total kept alive: 0; route allocated: 1 of 2000; total allocated: 1 of 2000]
2020-07-11 17:37:39 DEBUG MainClientExec:208 - Stale connection check
2020-07-11 17:37:39 DEBUG wire:87 - http-outgoing-0 << "[read] I/O error: Read timed out"
2020-07-11 17:37:39 DEBUG DefaultManagedHttpClientConnection:88 - http-outgoing-0: set socket timeout to 10800000
2020-07-11 17:37:39 DEBUG MainClientExec:256 - Executing request POST /wd/hub/session/6dd8faacff01245c6a1176d10a5d318c/timeouts HTTP/1.1
2020-07-11 17:37:39 DEBUG MainClientExec:261 - Target auth state: UNCHALLENGED
2020-07-11 17:37:39 DEBUG MainClientExec:267 - Proxy auth state: UNCHALLENGED
2020-07-11 17:37:39 DEBUG headers:133 - http-outgoing-0 >> POST /wd/hub/session/6dd8faacff01245c6a1176d10a5d318c/timeouts HTTP/1.1
2020-07-11 17:37:39 DEBUG headers:136 - http-outgoing-0 >> Content-Type: application/json; charset=utf-8
2020-07-11 17:37:39 DEBUG headers:136 - http-outgoing-0 >> Content-Length: 18
2020-07-11 17:37:39 DEBUG headers:136 - http-outgoing-0 >> Host: 192.168.0.8:4444
2020-07-11 17:37:39 DEBUG headers:136 - http-outgoing-0 >> Connection: Keep-Alive
2020-07-11 17:37:39 DEBUG headers:136 - http-outgoing-0 >> User-Agent: Apache-HttpClient/4.5.3 (Java/1.8.0_161)
2020-07-11 17:37:39 DEBUG headers:136 - http-outgoing-0 >> Accept-Encoding: gzip,deflate
2020-07-11 17:37:39 DEBUG wire:73 - http-outgoing-0 >> "POST /wd/hub/session/6dd8faacff01245c6a1176d10a5d318c/timeouts HTTP/1.1[\r][\n]"
2020-07-11 17:37:39 DEBUG wire:73 - http-outgoing-0 >> "Content-Type: application/json; charset=utf-8[\r][\n]"
2020-07-11 17:37:39 DEBUG wire:73 - http-outgoing-0 >> "Content-Length: 18[\r][\n]"
2020-07-11 17:37:39 DEBUG wire:73 - http-outgoing-0 >> "Host: 192.168.0.8:4444[\r][\n]"
2020-07-11 17:37:39 DEBUG wire:73 - http-outgoing-0 >> "Connection: Keep-Alive[\r][\n]"
2020-07-11 17:37:39 DEBUG wire:73 - http-outgoing-0 >> "User-Agent: Apache-HttpClient/4.5.3 (Java/1.8.0_161)[\r][\n]"
2020-07-11 17:37:39 DEBUG wire:73 - http-outgoing-0 >> "Accept-Encoding: gzip,deflate[\r][\n]"
2020-07-11 17:37:39 DEBUG wire:73 - http-outgoing-0 >> "[\r][\n]"
2020-07-11 17:37:39 DEBUG wire:87 - http-outgoing-0 >> "{"implicit":10000}"
2020-07-11 17:37:39 DEBUG wire:73 - http-outgoing-0 << "HTTP/1.1 200 OK[\r][\n]"
2020-07-11 17:37:39 DEBUG wire:73 - http-outgoing-0 << "Date: Sat, 11 Jul 2020 12:07:40 GMT[\r][\n]"
2020-07-11 17:37:39 DEBUG wire:73 - http-outgoing-0 << "Server: Jetty(9.4.z-SNAPSHOT)[\r][\n]"
2020-07-11 17:37:39 DEBUG wire:73 - http-outgoing-0 << "Cache-Control: no-cache[\r][\n]"
2020-07-11 17:37:39 DEBUG wire:73 - http-outgoing-0 << "Expires: Thu, 01 Jan 1970 00:00:00 GMT[\r][\n]"
2020-07-11 17:37:39 DEBUG wire:73 - http-outgoing-0 << "Content-Type: application/json;charset=utf-8[\r][\n]"
2020-07-11 17:37:39 DEBUG wire:73 - http-outgoing-0 << "Content-Length: 14[\r][\n]"
2020-07-11 17:37:39 DEBUG wire:73 - http-outgoing-0 << "[\r][\n]"
2020-07-11 17:37:39 DEBUG wire:87 - http-outgoing-0 << "{"value":null}"
2020-07-11 17:37:40 DEBUG headers:122 - http-outgoing-0 << HTTP/1.1 200 OK
2020-07-11 17:37:40 DEBUG headers:125 - http-outgoing-0 << Date: Sat, 11 Jul 2020 12:07:40 GMT
2020-07-11 17:37:40 DEBUG headers:125 - http-outgoing-0 << Server: Jetty(9.4.z-SNAPSHOT)
2020-07-11 17:37:40 DEBUG headers:125 - http-outgoing-0 << Cache-Control: no-cache
2020-07-11 17:37:40 DEBUG headers:125 - http-outgoing-0 << Expires: Thu, 01 Jan 1970 00:00:00 GMT
2020-07-11 17:37:40 DEBUG headers:125 - http-outgoing-0 << Content-Type: application/json;charset=utf-8
2020-07-11 17:37:40 DEBUG headers:125 - http-outgoing-0 << Content-Length: 14
2020-07-11 17:37:40 DEBUG MainClientExec:285 - Connection can be kept alive indefinitely
2020-07-11 17:37:40 DEBUG PoolingHttpClientConnectionManager:320 - Connection [id: 0][route: {}->http://192.168.0.8:4444] can be kept alive indefinitely
2020-07-11 17:37:40 DEBUG PoolingHttpClientConnectionManager:326 - Connection released: [id: 0][route: {}->http://192.168.0.8:4444][total kept alive: 1; route allocated: 1 of 2000; total allocated: 1 of 2000]
2020-07-11 17:37:40 DEBUG RequestAddCookies:123 - CookieSpec selected: default
2020-07-11 17:37:40 DEBUG RequestAuthCache:77 - Auth cache not set in the context
2020-07-11 17:37:40 DEBUG PoolingHttpClientConnectionManager:255 - Connection request: [route: {}->http://192.168.0.8:4444][total kept alive: 1; route allocated: 1 of 2000; total allocated: 1 of 2000]
2020-07-11 17:37:40 DEBUG PoolingHttpClientConnectionManager:288 - Connection leased: [id: 0][route: {}->http://192.168.0.8:4444][total kept alive: 0; route allocated: 1 of 2000; total allocated: 1 of 2000]
2020-07-11 17:37:40 DEBUG MainClientExec:208 - Stale connection check
2020-07-11 17:37:40 DEBUG wire:87 - http-outgoing-0 << "[read] I/O error: Read timed out"
2020-07-11 17:37:40 DEBUG DefaultManagedHttpClientConnection:88 - http-outgoing-0: set socket timeout to 10800000
2020-07-11 17:37:40 DEBUG MainClientExec:256 - Executing request POST /wd/hub/session/6dd8faacff01245c6a1176d10a5d318c/url HTTP/1.1
2020-07-11 17:37:40 DEBUG MainClientExec:261 - Target auth state: UNCHALLENGED
2020-07-11 17:37:40 DEBUG MainClientExec:267 - Proxy auth state: UNCHALLENGED
2020-07-11 17:37:40 DEBUG headers:133 - http-outgoing-0 >> POST /wd/hub/session/6dd8faacff01245c6a1176d10a5d318c/url HTTP/1.1
2020-07-11 17:37:40 DEBUG headers:136 - http-outgoing-0 >> Content-Type: application/json; charset=utf-8
2020-07-11 17:37:40 DEBUG headers:136 - http-outgoing-0 >> Content-Length: 49
2020-07-11 17:37:40 DEBUG headers:136 - http-outgoing-0 >> Host: 192.168.0.8:4444
2020-07-11 17:37:40 DEBUG headers:136 - http-outgoing-0 >> Connection: Keep-Alive
2020-07-11 17:37:40 DEBUG headers:136 - http-outgoing-0 >> User-Agent: Apache-HttpClient/4.5.3 (Java/1.8.0_161)
2020-07-11 17:37:40 DEBUG headers:136 - http-outgoing-0 >> Accept-Encoding: gzip,deflate
2020-07-11 17:37:40 DEBUG wire:73 - http-outgoing-0 >> "POST /wd/hub/session/6dd8faacff01245c6a1176d10a5d318c/url HTTP/1.1[\r][\n]"
2020-07-11 17:37:40 DEBUG wire:73 - http-outgoing-0 >> "Content-Type: application/json; charset=utf-8[\r][\n]"
2020-07-11 17:37:40 DEBUG wire:73 - http-outgoing-0 >> "Content-Length: 49[\r][\n]"
2020-07-11 17:37:40 DEBUG wire:73 - http-outgoing-0 >> "Host: 192.168.0.8:4444[\r][\n]"
2020-07-11 17:37:40 DEBUG wire:73 - http-outgoing-0 >> "Connection: Keep-Alive[\r][\n]"
2020-07-11 17:37:40 DEBUG wire:73 - http-outgoing-0 >> "User-Agent: Apache-HttpClient/4.5.3 (Java/1.8.0_161)[\r][\n]"
2020-07-11 17:37:40 DEBUG wire:73 - http-outgoing-0 >> "Accept-Encoding: gzip,deflate[\r][\n]"
2020-07-11 17:37:40 DEBUG wire:73 - http-outgoing-0 >> "[\r][\n]"
2020-07-11 17:37:40 DEBUG wire:87 - http-outgoing-0 >> "{"url":"http://automationpractice.com/index.php"}"
2020-07-11 17:37:47 DEBUG wire:73 - http-outgoing-0 << "HTTP/1.1 500 Server Error[\r][\n]"
2020-07-11 17:37:47 DEBUG wire:73 - http-outgoing-0 << "Date: Sat, 11 Jul 2020 12:07:40 GMT[\r][\n]"
2020-07-11 17:37:47 DEBUG wire:73 - http-outgoing-0 << "Server: Jetty(9.4.z-SNAPSHOT)[\r][\n]"
2020-07-11 17:37:47 DEBUG wire:73 - http-outgoing-0 << "Cache-Control: no-cache[\r][\n]"
2020-07-11 17:37:47 DEBUG wire:73 - http-outgoing-0 << "Expires: Thu, 01 Jan 1970 00:00:00 GMT[\r][\n]"
2020-07-11 17:37:47 DEBUG wire:73 - http-outgoing-0 << "Content-Type: application/json;charset=utf-8[\r][\n]"
2020-07-11 17:37:47 DEBUG wire:73 - http-outgoing-0 << "Content-Length: 207[\r][\n]"
2020-07-11 17:37:47 DEBUG wire:73 - http-outgoing-0 << "[\r][\n]"
2020-07-11 17:37:47 DEBUG wire:87 - http-outgoing-0 << "{"value":{"error":"unknown error","message":"unknown error: session deleted because of page crash\nfrom tab crashed\n  (Session info: chrome=83.0.4103.61)","stacktrace":"#0 0x55a366642579 \u003Cunknown>\n"}}"
2020-07-11 17:37:47 DEBUG headers:122 - http-outgoing-0 << HTTP/1.1 500 Server Error
2020-07-11 17:37:47 DEBUG headers:125 - http-outgoing-0 << Date: Sat, 11 Jul 2020 12:07:40 GMT
2020-07-11 17:37:47 DEBUG headers:125 - http-outgoing-0 << Server: Jetty(9.4.z-SNAPSHOT)
2020-07-11 17:37:47 DEBUG headers:125 - http-outgoing-0 << Cache-Control: no-cache
2020-07-11 17:37:47 DEBUG headers:125 - http-outgoing-0 << Expires: Thu, 01 Jan 1970 00:00:00 GMT
2020-07-11 17:37:47 DEBUG headers:125 - http-outgoing-0 << Content-Type: application/json;charset=utf-8
2020-07-11 17:37:47 DEBUG headers:125 - http-outgoing-0 << Content-Length: 207
2020-07-11 17:37:47 DEBUG MainClientExec:285 - Connection can be kept alive indefinitely
2020-07-11 17:37:47 DEBUG PoolingHttpClientConnectionManager:320 - Connection [id: 0][route: {}->http://192.168.0.8:4444] can be kept alive indefinitely
2020-07-11 17:37:47 DEBUG PoolingHttpClientConnectionManager:326 - Connection released: [id: 0][route: {}->http://192.168.0.8:4444][total kept alive: 1; route allocated: 1 of 2000; total allocated: 1 of 2000]
2020-07-11 17:37:47 DEBUG RequestAddCookies:123 - CookieSpec selected: default
2020-07-11 17:37:47 DEBUG RequestAuthCache:77 - Auth cache not set in the context
2020-07-11 17:37:47 DEBUG PoolingHttpClientConnectionManager:255 - Connection request: [route: {}->http://192.168.0.8:4444][total kept alive: 1; route allocated: 1 of 2000; total allocated: 1 of 2000]
2020-07-11 17:37:47 DEBUG PoolingHttpClientConnectionManager:288 - Connection leased: [id: 0][route: {}->http://192.168.0.8:4444][total kept alive: 0; route allocated: 1 of 2000; total allocated: 1 of 2000]
2020-07-11 17:37:47 DEBUG MainClientExec:208 - Stale connection check
2020-07-11 17:37:47 DEBUG wire:87 - http-outgoing-0 << "[read] I/O error: Read timed out"
2020-07-11 17:37:47 DEBUG DefaultManagedHttpClientConnection:88 - http-outgoing-0: set socket timeout to 10800000
2020-07-11 17:37:47 DEBUG MainClientExec:256 - Executing request GET /wd/hub/session/6dd8faacff01245c6a1176d10a5d318c/screenshot HTTP/1.1
2020-07-11 17:37:47 DEBUG MainClientExec:261 - Target auth state: UNCHALLENGED
2020-07-11 17:37:47 DEBUG MainClientExec:267 - Proxy auth state: UNCHALLENGED
2020-07-11 17:37:47 DEBUG headers:133 - http-outgoing-0 >> GET /wd/hub/session/6dd8faacff01245c6a1176d10a5d318c/screenshot HTTP/1.1
2020-07-11 17:37:47 DEBUG headers:136 - http-outgoing-0 >> Cache-Control: no-cache
2020-07-11 17:37:47 DEBUG headers:136 - http-outgoing-0 >> Host: 192.168.0.8:4444
2020-07-11 17:37:47 DEBUG headers:136 - http-outgoing-0 >> Connection: Keep-Alive
2020-07-11 17:37:47 DEBUG headers:136 - http-outgoing-0 >> User-Agent: Apache-HttpClient/4.5.3 (Java/1.8.0_161)
2020-07-11 17:37:47 DEBUG headers:136 - http-outgoing-0 >> Accept-Encoding: gzip,deflate
2020-07-11 17:37:47 DEBUG wire:73 - http-outgoing-0 >> "GET /wd/hub/session/6dd8faacff01245c6a1176d10a5d318c/screenshot HTTP/1.1[\r][\n]"
2020-07-11 17:37:47 DEBUG wire:73 - http-outgoing-0 >> "Cache-Control: no-cache[\r][\n]"
2020-07-11 17:37:47 DEBUG wire:73 - http-outgoing-0 >> "Host: 192.168.0.8:4444[\r][\n]"
2020-07-11 17:37:47 DEBUG wire:73 - http-outgoing-0 >> "Connection: Keep-Alive[\r][\n]"
2020-07-11 17:37:47 DEBUG wire:73 - http-outgoing-0 >> "User-Agent: Apache-HttpClient/4.5.3 (Java/1.8.0_161)[\r][\n]"
2020-07-11 17:37:47 DEBUG wire:73 - http-outgoing-0 >> "Accept-Encoding: gzip,deflate[\r][\n]"
2020-07-11 17:37:47 DEBUG wire:73 - http-outgoing-0 >> "[\r][\n]"
2020-07-11 17:37:47 DEBUG wire:73 - http-outgoing-0 << "HTTP/1.1 404 Not Found[\r][\n]"
2020-07-11 17:37:47 DEBUG wire:73 - http-outgoing-0 << "Date: Sat, 11 Jul 2020 12:07:47 GMT[\r][\n]"
2020-07-11 17:37:47 DEBUG wire:73 - http-outgoing-0 << "Server: Jetty(9.4.z-SNAPSHOT)[\r][\n]"
2020-07-11 17:37:47 DEBUG wire:73 - http-outgoing-0 << "Cache-Control: no-cache[\r][\n]"
2020-07-11 17:37:47 DEBUG wire:73 - http-outgoing-0 << "Expires: Thu, 01 Jan 1970 00:00:00 GMT[\r][\n]"
2020-07-11 17:37:47 DEBUG wire:73 - http-outgoing-0 << "Content-Type: application/json;charset=utf-8[\r][\n]"
2020-07-11 17:37:47 DEBUG wire:73 - http-outgoing-0 << "Content-Length: 121[\r][\n]"
2020-07-11 17:37:47 DEBUG wire:73 - http-outgoing-0 << "[\r][\n]"
2020-07-11 17:37:47 DEBUG wire:87 - http-outgoing-0 << "{"value":{"error":"invalid session id","message":"invalid session id","stacktrace":"#0 0x55a366642579 \u003Cunknown>\n"}}"
2020-07-11 17:37:47 DEBUG headers:122 - http-outgoing-0 << HTTP/1.1 404 Not Found
2020-07-11 17:37:47 DEBUG headers:125 - http-outgoing-0 << Date: Sat, 11 Jul 2020 12:07:47 GMT
2020-07-11 17:37:47 DEBUG headers:125 - http-outgoing-0 << Server: Jetty(9.4.z-SNAPSHOT)
2020-07-11 17:37:47 DEBUG headers:125 - http-outgoing-0 << Cache-Control: no-cache
2020-07-11 17:37:47 DEBUG headers:125 - http-outgoing-0 << Expires: Thu, 01 Jan 1970 00:00:00 GMT
2020-07-11 17:37:47 DEBUG headers:125 - http-outgoing-0 << Content-Type: application/json;charset=utf-8
2020-07-11 17:37:47 DEBUG headers:125 - http-outgoing-0 << Content-Length: 121
2020-07-11 17:37:47 DEBUG MainClientExec:285 - Connection can be kept alive indefinitely
2020-07-11 17:37:47 DEBUG PoolingHttpClientConnectionManager:320 - Connection [id: 0][route: {}->http://192.168.0.8:4444] can be kept alive indefinitely
2020-07-11 17:37:47 DEBUG PoolingHttpClientConnectionManager:326 - Connection released: [id: 0][route: {}->http://192.168.0.8:4444][total kept alive: 1; route allocated: 1 of 2000; total allocated: 1 of 2000]
